Using pre-set license
Built from '2020.3/staging' branch; Version is '2020.3.20f1 (41c4e627c95f) revision 4310246'; Using compiler version '192528614'; Build Type 'Release'
OS: 'Windows 10 Home; OS build 19043.1526; Version 2009; 64bit' Language: 'zh' Physical Memory: 16239 MB
BatchMode: 1, IsHumanControllingUs: 0, StartBugReporterOnCrash: 0, Is64bit: 1, IsPro: 0

COMMAND LINE ARGUMENTS:
C:\Program Files\Unity\Hub\Editor\2020.3.20f1\Editor\Unity.exe
-adb2
-batchMode
-noUpm
-name
AssetImportWorker0
-projectPath
C:/Users/b50905du/Desktop/modle
-logFile
Logs/AssetImportWorker0.log
-srvPort
58854
Successfully changed project path to: C:/Users/b50905du/Desktop/modle
C:/Users/b50905du/Desktop/modle
Using Asset Import Pipeline V2.
Refreshing native plugins compatible for Editor in 48.35 ms, found 2 plugins.
Preloading 0 native plugins for Editor in 0.00 ms.
Initialize engine version: 2020.3.20f1 (41c4e627c95f)
[Subsystems] Discovering subsystems at path C:/Program Files/Unity/Hub/Editor/2020.3.20f1/Editor/Data/Resources/UnitySubsystems
[Subsystems] Discovering subsystems at path C:/Users/b50905du/Desktop/modle/Assets
GfxDevice: creating device client; threaded=0
Direct3D:
    Version:  Direct3D 11.0 [level 11.1]
    Renderer: NVIDIA GeForce GTX 1050 (ID=0x1c8d)
    Vendor:   
    VRAM:     1979 MB
    Driver:   25.21.14.2546
Initialize mono
Mono path[0] = 'C:/Program Files/Unity/Hub/Editor/2020.3.20f1/Editor/Data/Managed'
Mono path[1] = 'C:/Program Files/Unity/Hub/Editor/2020.3.20f1/Editor/Data/MonoBleedingEdge/lib/mono/unityjit'
Mono config path = 'C:/Program Files/Unity/Hub/Editor/2020.3.20f1/Editor/Data/MonoBleedingEdge/etc'
Using monoOptions --debugger-agent=transport=dt_socket,embedding=1,server=y,suspend=n,address=127.0.0.1:56496
Begin MonoManager ReloadAssembly
Registering precompiled unity dll's ...
Register platform support module: C:/Program Files/Unity/Hub/Editor/2020.3.20f1/Editor/Data/PlaybackEngines/WebGLSupport/UnityEditor.WebGL.Extensions.dll
Register platform support module: C:/Program Files/Unity/Hub/Editor/2020.3.20f1/Editor/Data/PlaybackEngines/WindowsStandaloneSupport/UnityEditor.WindowsStandalone.Extensions.dll
Registered in 0.003256 seconds.
Native extension for WindowsStandalone target not found
Native extension for WebGL target not found
Refreshing native plugins compatible for Editor in 35.68 ms, found 2 plugins.
Preloading 0 native plugins for Editor in 0.00 ms.
Mono: successfully reloaded assembly
- Completed reload, in  2.889 seconds
Domain Reload Profiling:
	ReloadAssembly (2889ms)
		BeginReloadAssembly (85ms)
			ExecutionOrderSort (0ms)
			DisableScriptedObjects (0ms)
			BackupInstance (0ms)
			ReleaseScriptingObjects (0ms)
			CreateAndSetChildDomain (1ms)
		EndReloadAssembly (553ms)
			LoadAssemblies (82ms)
			RebuildTransferFunctionScriptingTraits (0ms)
			SetupTypeCache (196ms)
			ReleaseScriptCaches (0ms)
			RebuildScriptCaches (43ms)
			SetupLoadedEditorAssemblies (211ms)
				LogAssemblyErrors (0ms)
				InitializePlatformSupportModulesInManaged (6ms)
				SetLoadedEditorAssemblies (0ms)
				RefreshPlugins (36ms)
				BeforeProcessingInitializeOnLoad (21ms)
				ProcessInitializeOnLoadAttributes (114ms)
				ProcessInitializeOnLoadMethodAttributes (33ms)
				AfterProcessingInitializeOnLoad (0ms)
				EditorAssembliesLoaded (0ms)
			ExecutionOrderSort2 (0ms)
			AwakeInstancesAfterBackupRestoration (0ms)
Platform modules already initialized, skipping
Registering precompiled user dll's ...
Registered in 0.004274 seconds.
Begin MonoManager ReloadAssembly
Native extension for WindowsStandalone target not found
Native extension for WebGL target not found
Refreshing native plugins compatible for Editor in 0.44 ms, found 2 plugins.
Preloading 0 native plugins for Editor in 0.00 ms.
Mono: successfully reloaded assembly
- Completed reload, in  1.465 seconds
Domain Reload Profiling:
	ReloadAssembly (1466ms)
		BeginReloadAssembly (189ms)
			ExecutionOrderSort (0ms)
			DisableScriptedObjects (5ms)
			BackupInstance (0ms)
			ReleaseScriptingObjects (0ms)
			CreateAndSetChildDomain (24ms)
		EndReloadAssembly (1192ms)
			LoadAssemblies (113ms)
			RebuildTransferFunctionScriptingTraits (0ms)
			SetupTypeCache (445ms)
			ReleaseScriptCaches (0ms)
			RebuildScriptCaches (51ms)
			SetupLoadedEditorAssemblies (457ms)
				LogAssemblyErrors (0ms)
				InitializePlatformSupportModulesInManaged (6ms)
				SetLoadedEditorAssemblies (1ms)
				RefreshPlugins (1ms)
				BeforeProcessingInitializeOnLoad (118ms)
				ProcessInitializeOnLoadAttributes (315ms)
				ProcessInitializeOnLoadMethodAttributes (5ms)
				AfterProcessingInitializeOnLoad (12ms)
				EditorAssembliesLoaded (0ms)
			ExecutionOrderSort2 (0ms)
			AwakeInstancesAfterBackupRestoration (10ms)
Platform modules already initialized, skipping
========================================================================
Worker process is ready to serve import requests
Launched and connected shader compiler UnityShaderCompiler.exe after 0.09 seconds
Refreshing native plugins compatible for Editor in 0.56 ms, found 2 plugins.
Preloading 0 native plugins for Editor in 0.00 ms.
Unloading 1399 Unused Serialized files (Serialized files now loaded: 0)
System memory in use before: 64.9 MB.
System memory in use after: 64.9 MB.

Unloading 16 unused Assets to reduce memory usage. Loaded Objects now: 1834.
Total: 4.561300 ms (FindLiveObjects: 0.194700 ms CreateObjectMapping: 0.056000 ms MarkObjects: 4.180500 ms  DeleteObjects: 0.127100 ms)

AssetImportParameters requested are different than current active one (requested -> active):
  custom:framework-win-MediaFoundation: 216162199b28c13a410421893ffa2e32 -> 
  custom:video-decoder-ogg-theora: a1e56fd34408186e4bbccfd4996cb3dc -> 
  custom:container-muxer-webm: aa71ff27fc2769a1b78a27578f13a17b -> 
  custom:container-demuxer-webm: 4f35f7cbe854078d1ac9338744f61a02 -> 
  custom:container-demuxer-ogg: 62fdf1f143b41e24485cea50d1cbac27 -> 
  custom:video-encoder-webm-vp8: eb34c28f22e8b96e1ab97ce403110664 -> 
  custom:video-decoder-webm-vp8: 9c59270c3fd7afecdb556c50c9e8de78 -> 
  custom:audio-decoder-ogg-vorbis: bf7c407c2cedff20999df2af8eb42d56 -> 
  custom:audio-encoder-webm-vorbis: bf7c407c2cedff20999df2af8eb42d56 -> 
========================================================================
Received Import Request.
  path: Assets/all npc
  artifactKey: Guid(78e5c953cd486f94a8393f812e8f2679) Importer(815301076,1909f56bfc062723c751e8b465ee728b)
Start importing Assets/all npc using Guid(78e5c953cd486f94a8393f812e8f2679) Importer(815301076,1909f56bfc062723c751e8b465ee728b)  -> (artifact id: 'c3777458fe13efe1b4ac74777fb86d89') in 0.005817 seconds 
  Import took 0.008388 seconds .

========================================================================
Received Import Request.
  Time since last request: 0.000311 seconds.
  path: Assets/all npc/Chrlies
  artifactKey: Guid(26c9adc81aa505a4b8c59fcc7297ba2c) Importer(815301076,1909f56bfc062723c751e8b465ee728b)
Start importing Assets/all npc/Chrlies using Guid(26c9adc81aa505a4b8c59fcc7297ba2c) Importer(815301076,1909f56bfc062723c751e8b465ee728b)  -> (artifact id: 'd3b78e2319e0886cd7c3423eb3ab0121') in 0.003946 seconds 
  Import took 0.006647 seconds .

========================================================================
Received Import Request.
  Time since last request: 1.068807 seconds.
  path: Assets/all npc/Eric
  artifactKey: Guid(5091e558164e9d04f826e30dd72be305) Importer(815301076,1909f56bfc062723c751e8b465ee728b)
Start importing Assets/all npc/Eric using Guid(5091e558164e9d04f826e30dd72be305) Importer(815301076,1909f56bfc062723c751e8b465ee728b)  -> (artifact id: '87693210ee04e9dbb4d45c1383cc3359') in 0.004051 seconds 
  Import took 0.008187 seconds .

========================================================================
Received Import Request.
  Time since last request: 0.054537 seconds.
  path: Assets/all npc/Eric/Eric(城鎮).png
  artifactKey: Guid(9541f4dfba4d73d49998daf1b8ddf44d) Importer(815301076,1909f56bfc062723c751e8b465ee728b)
Start importing Assets/all npc/Eric/Eric(城鎮).png using Guid(9541f4dfba4d73d49998daf1b8ddf44d) Importer(815301076,1909f56bfc062723c751e8b465ee728b)  -> (artifact id: '3c85b5ce90676e13439bdaf1a06727dd') in 0.170187 seconds 
  Import took 0.174153 seconds .

========================================================================
Received Import Request.
  Time since last request: 0.000354 seconds.
  path: Assets/all npc/Eric/Eric(材質球).mat
  artifactKey: Guid(68c1d7cfa7d72094f8aca78572cf732c) Importer(815301076,1909f56bfc062723c751e8b465ee728b)
Start importing Assets/all npc/Eric/Eric(材質球).mat using Guid(68c1d7cfa7d72094f8aca78572cf732c) Importer(815301076,1909f56bfc062723c751e8b465ee728b)  -> (artifact id: '2b3343047ddb37aab792c6dfc929adf4') in 0.351437 seconds 
  Import took 0.355739 seconds .

========================================================================
Received Import Request.
  Time since last request: 0.000386 seconds.
  path: Assets/all npc/Eric/Eric.fbx
  artifactKey: Guid(5733ce8c0ae21a84790e0c571053599f) Importer(815301076,1909f56bfc062723c751e8b465ee728b)
Start importing Assets/all npc/Eric/Eric.fbx using Guid(5733ce8c0ae21a84790e0c571053599f) Importer(815301076,1909f56bfc062723c751e8b465ee728b)  -> (artifact id: 'af9ac705a685a21ba5d83126f7abc846') in 0.088516 seconds 
  Import took 0.091602 seconds .

========================================================================
Received Import Request.
  Time since last request: 0.000337 seconds.
  path: Assets/all npc/Eric/Eric(湖邊).jpg
  artifactKey: Guid(ba762d99e1e558d43b2786c613fdb4f3) Importer(815301076,1909f56bfc062723c751e8b465ee728b)
Start importing Assets/all npc/Eric/Eric(湖邊).jpg using Guid(ba762d99e1e558d43b2786c613fdb4f3) Importer(815301076,1909f56bfc062723c751e8b465ee728b)  -> (artifact id: '7bab6a4ca0182d7c57d7bc4881341507') in 0.015367 seconds 
  Import took 0.018480 seconds .

========================================================================
Received Import Request.
  Time since last request: 178.814053 seconds.
  path: Assets/Scenes/SampleScene.unity
  artifactKey: Guid(9fc0d4010bbf28b4594072e72b8655ab) Importer(815301076,1909f56bfc062723c751e8b465ee728b)
Start importing Assets/Scenes/SampleScene.unity using Guid(9fc0d4010bbf28b4594072e72b8655ab) Importer(815301076,1909f56bfc062723c751e8b465ee728b)  -> (artifact id: '7d4574ba53c5a960a3e069192bcc09cc') in 0.004014 seconds 
  Import took 0.007804 seconds .

========================================================================
Received Import Request.
  Time since last request: 23.559777 seconds.
  path: Assets/Scenes/charactor.unity
  artifactKey: Guid(9fc0d4010bbf28b4594072e72b8655ab) Importer(815301076,1909f56bfc062723c751e8b465ee728b)
Start importing Assets/Scenes/charactor.unity using Guid(9fc0d4010bbf28b4594072e72b8655ab) Importer(815301076,1909f56bfc062723c751e8b465ee728b)  -> (artifact id: 'be1cd90f6233c418a877e053ae7a1f00') in 0.003772 seconds 
  Import took 0.007210 seconds .

========================================================================
Received Import Request.
  Time since last request: 46.466549 seconds.
  path: Assets/Scenes/character.unity
  artifactKey: Guid(9fc0d4010bbf28b4594072e72b8655ab) Importer(815301076,1909f56bfc062723c751e8b465ee728b)
Start importing Assets/Scenes/character.unity using Guid(9fc0d4010bbf28b4594072e72b8655ab) Importer(815301076,1909f56bfc062723c751e8b465ee728b)  -> (artifact id: '252ec50a8760969c57d19644697c6ee0') in 0.005958 seconds 
  Import took 0.010828 seconds .

========================================================================
Received Import Request.
  Time since last request: 368.204782 seconds.
  path: Assets/all npc/Eric/Eric.fbx
  artifactKey: Guid(5733ce8c0ae21a84790e0c571053599f) Importer(815301076,1909f56bfc062723c751e8b465ee728b)
Start importing Assets/all npc/Eric/Eric.fbx using Guid(5733ce8c0ae21a84790e0c571053599f) Importer(815301076,1909f56bfc062723c751e8b465ee728b)  -> (artifact id: 'ed8ecf95b02863b31c05a2443e002d32') in 0.037819 seconds 
  Import took 0.044002 seconds .

========================================================================
Received Import Request.
  Time since last request: 27.304328 seconds.
  path: Assets/all npc/Eric/Dancing.fbx
  artifactKey: Guid(a4bf8b00f48dfdc4faf21bd69c1f5641) Importer(815301076,1909f56bfc062723c751e8b465ee728b)
Start importing Assets/all npc/Eric/Dancing.fbx using Guid(a4bf8b00f48dfdc4faf21bd69c1f5641) Importer(815301076,1909f56bfc062723c751e8b465ee728b)  -> (artifact id: 'de443876332f020a347e2a99b6825ac7') in 0.084072 seconds 
  Import took 0.087060 seconds .

========================================================================
Received Import Request.
  Time since last request: 35.406940 seconds.
  path: Assets/all npc/Eric/Dancing.fbx
  artifactKey: Guid(a4bf8b00f48dfdc4faf21bd69c1f5641) Importer(815301076,1909f56bfc062723c751e8b465ee728b)
Start importing Assets/all npc/Eric/Dancing.fbx using Guid(a4bf8b00f48dfdc4faf21bd69c1f5641) Importer(815301076,1909f56bfc062723c751e8b465ee728b)  -> (artifact id: 'bbb7e5a458dc251a5b5cf86dabe51bd5') in 0.052162 seconds 
  Import took 0.057330 seconds .

========================================================================
Received Prepare
Registering precompiled user dll's ...
Registered in 0.005413 seconds.
Begin MonoManager ReloadAssembly
Native extension for WindowsStandalone target not found
Native extension for WebGL target not found
Refreshing native plugins compatible for Editor in 1.25 ms, found 2 plugins.
Preloading 0 native plugins for Editor in 0.00 ms.
Mono: successfully reloaded assembly
- Completed reload, in  1.884 seconds
Domain Reload Profiling:
	ReloadAssembly (1884ms)
		BeginReloadAssembly (200ms)
			ExecutionOrderSort (0ms)
			DisableScriptedObjects (7ms)
			BackupInstance (0ms)
			ReleaseScriptingObjects (0ms)
			CreateAndSetChildDomain (49ms)
		EndReloadAssembly (1576ms)
			LoadAssemblies (168ms)
			RebuildTransferFunctionScriptingTraits (0ms)
			SetupTypeCache (491ms)
			ReleaseScriptCaches (1ms)
			RebuildScriptCaches (71ms)
			SetupLoadedEditorAssemblies (625ms)
				LogAssemblyErrors (0ms)
				InitializePlatformSupportModulesInManaged (17ms)
				SetLoadedEditorAssemblies (2ms)
				RefreshPlugins (2ms)
				BeforeProcessingInitializeOnLoad (167ms)
				ProcessInitializeOnLoadAttributes (413ms)
				ProcessInitializeOnLoadMethodAttributes (6ms)
				AfterProcessingInitializeOnLoad (17ms)
				EditorAssembliesLoaded (1ms)
			ExecutionOrderSort2 (0ms)
			AwakeInstancesAfterBackupRestoration (14ms)
Platform modules already initialized, skipping
Refreshing native plugins compatible for Editor in 1.06 ms, found 2 plugins.
Preloading 0 native plugins for Editor in 0.00 ms.
Unloading 1393 Unused Serialized files (Serialized files now loaded: 0)
System memory in use before: 81.7 MB.
System memory in use after: 81.8 MB.

Unloading 11 unused Assets to reduce memory usage. Loaded Objects now: 1881.
Total: 6.668200 ms (FindLiveObjects: 0.560300 ms CreateObjectMapping: 0.490700 ms MarkObjects: 5.554600 ms  DeleteObjects: 0.060200 ms)

AssetImportParameters requested are different than current active one (requested -> active):
  custom:framework-win-MediaFoundation: 216162199b28c13a410421893ffa2e32 -> 
  custom:video-decoder-ogg-theora: a1e56fd34408186e4bbccfd4996cb3dc -> 
  custom:container-muxer-webm: aa71ff27fc2769a1b78a27578f13a17b -> 
  custom:container-demuxer-webm: 4f35f7cbe854078d1ac9338744f61a02 -> 
  custom:container-demuxer-ogg: 62fdf1f143b41e24485cea50d1cbac27 -> 
  custom:video-encoder-webm-vp8: eb34c28f22e8b96e1ab97ce403110664 -> 
  custom:video-decoder-webm-vp8: 9c59270c3fd7afecdb556c50c9e8de78 -> 
  custom:audio-decoder-ogg-vorbis: bf7c407c2cedff20999df2af8eb42d56 -> 
  custom:audio-encoder-webm-vorbis: bf7c407c2cedff20999df2af8eb42d56 -> 
========================================================================
Received Import Request.
  Time since last request: 15.202449 seconds.
  path: Assets/all npc/Eric/Dancing.fbx
  artifactKey: Guid(a4bf8b00f48dfdc4faf21bd69c1f5641) Importer(815301076,1909f56bfc062723c751e8b465ee728b)
Start importing Assets/all npc/Eric/Dancing.fbx using Guid(a4bf8b00f48dfdc4faf21bd69c1f5641) Importer(815301076,1909f56bfc062723c751e8b465ee728b)  -> (artifact id: '5e2b03f282406e4aa62dbe36884dddbf') in 0.157347 seconds 
  Import took 0.163954 seconds .

========================================================================
Received Import Request.
  Time since last request: 37.584571 seconds.
  path: Assets/all npc/Eric/Eric Dance.controller
  artifactKey: Guid(28ee30b8ccc49aa44bf13c0d0e737f14) Importer(815301076,1909f56bfc062723c751e8b465ee728b)
Start importing Assets/all npc/Eric/Eric Dance.controller using Guid(28ee30b8ccc49aa44bf13c0d0e737f14) Importer(815301076,1909f56bfc062723c751e8b465ee728b)  -> (artifact id: '16112e60b713e788a3e81bde5fa69070') in 0.011932 seconds 
  Import took 0.016309 seconds .

========================================================================
Received Prepare
Registering precompiled user dll's ...
Registered in 0.009078 seconds.
Begin MonoManager ReloadAssembly
Native extension for WindowsStandalone target not found
Native extension for WebGL target not found
Refreshing native plugins compatible for Editor in 0.35 ms, found 2 plugins.
Preloading 0 native plugins for Editor in 0.00 ms.
Mono: successfully reloaded assembly
- Completed reload, in  1.578 seconds
Domain Reload Profiling:
	ReloadAssembly (1579ms)
		BeginReloadAssembly (170ms)
			ExecutionOrderSort (0ms)
			DisableScriptedObjects (8ms)
			BackupInstance (0ms)
			ReleaseScriptingObjects (0ms)
			CreateAndSetChildDomain (48ms)
		EndReloadAssembly (1308ms)
			LoadAssemblies (162ms)
			RebuildTransferFunctionScriptingTraits (0ms)
			SetupTypeCache (435ms)
			ReleaseScriptCaches (1ms)
			RebuildScriptCaches (56ms)
			SetupLoadedEditorAssemblies (489ms)
				LogAssemblyErrors (0ms)
				InitializePlatformSupportModulesInManaged (10ms)
				SetLoadedEditorAssemblies (1ms)
				RefreshPlugins (0ms)
				BeforeProcessingInitializeOnLoad (124ms)
				ProcessInitializeOnLoadAttributes (334ms)
				ProcessInitializeOnLoadMethodAttributes (6ms)
				AfterProcessingInitializeOnLoad (12ms)
				EditorAssembliesLoaded (0ms)
			ExecutionOrderSort2 (0ms)
			AwakeInstancesAfterBackupRestoration (20ms)
Platform modules already initialized, skipping
Refreshing native plugins compatible for Editor in 0.44 ms, found 2 plugins.
Preloading 0 native plugins for Editor in 0.00 ms.
Unloading 1393 Unused Serialized files (Serialized files now loaded: 0)
System memory in use before: 81.8 MB.
System memory in use after: 81.9 MB.

Unloading 11 unused Assets to reduce memory usage. Loaded Objects now: 1884.
Total: 3.895200 ms (FindLiveObjects: 0.191300 ms CreateObjectMapping: 0.056300 ms MarkObjects: 3.626800 ms  DeleteObjects: 0.019500 ms)

AssetImportParameters requested are different than current active one (requested -> active):
  custom:framework-win-MediaFoundation: 216162199b28c13a410421893ffa2e32 -> 
  custom:video-decoder-ogg-theora: a1e56fd34408186e4bbccfd4996cb3dc -> 
  custom:container-muxer-webm: aa71ff27fc2769a1b78a27578f13a17b -> 
  custom:container-demuxer-webm: 4f35f7cbe854078d1ac9338744f61a02 -> 
  custom:container-demuxer-ogg: 62fdf1f143b41e24485cea50d1cbac27 -> 
  custom:video-encoder-webm-vp8: eb34c28f22e8b96e1ab97ce403110664 -> 
  custom:video-decoder-webm-vp8: 9c59270c3fd7afecdb556c50c9e8de78 -> 
  custom:audio-decoder-ogg-vorbis: bf7c407c2cedff20999df2af8eb42d56 -> 
  custom:audio-encoder-webm-vorbis: bf7c407c2cedff20999df2af8eb42d56 -> 
========================================================================
Received Import Request.
  Time since last request: 141.533512 seconds.
  path: Assets/all npc/Eric/Dance.fbx
  artifactKey: Guid(d4d4d24dd59c008449e4472c6b363527) Importer(815301076,1909f56bfc062723c751e8b465ee728b)
Start importing Assets/all npc/Eric/Dance.fbx using Guid(d4d4d24dd59c008449e4472c6b363527) Importer(815301076,1909f56bfc062723c751e8b465ee728b)  -> (artifact id: '97add0932075499a6c0aecbf4935d7f3') in 0.142184 seconds 
  Import took 0.146650 seconds .

========================================================================
Received Import Request.
  Time since last request: 32.082767 seconds.
  path: Assets/all npc/Eric/Dance.fbx
  artifactKey: Guid(d4d4d24dd59c008449e4472c6b363527) Importer(815301076,1909f56bfc062723c751e8b465ee728b)
Start importing Assets/all npc/Eric/Dance.fbx using Guid(d4d4d24dd59c008449e4472c6b363527) Importer(815301076,1909f56bfc062723c751e8b465ee728b)  -> (artifact id: '7301c9017648e4beca81be6ea1d98874') in 0.055692 seconds 
  Import took 0.059728 seconds .

========================================================================
Received Prepare
Registering precompiled user dll's ...
Registered in 0.006387 seconds.
Begin MonoManager ReloadAssembly
Native extension for WindowsStandalone target not found
Native extension for WebGL target not found
Refreshing native plugins compatible for Editor in 0.42 ms, found 2 plugins.
Preloading 0 native plugins for Editor in 0.00 ms.
Mono: successfully reloaded assembly
- Completed reload, in  1.814 seconds
Domain Reload Profiling:
	ReloadAssembly (1815ms)
		BeginReloadAssembly (188ms)
			ExecutionOrderSort (0ms)
			DisableScriptedObjects (7ms)
			BackupInstance (0ms)
			ReleaseScriptingObjects (0ms)
			CreateAndSetChildDomain (55ms)
		EndReloadAssembly (1517ms)
			LoadAssemblies (163ms)
			RebuildTransferFunctionScriptingTraits (0ms)
			SetupTypeCache (564ms)
			ReleaseScriptCaches (1ms)
			RebuildScriptCaches (62ms)
			SetupLoadedEditorAssemblies (532ms)
				LogAssemblyErrors (0ms)
				InitializePlatformSupportModulesInManaged (10ms)
				SetLoadedEditorAssemblies (1ms)
				RefreshPlugins (1ms)
				BeforeProcessingInitializeOnLoad (127ms)
				ProcessInitializeOnLoadAttributes (377ms)
				ProcessInitializeOnLoadMethodAttributes (5ms)
				AfterProcessingInitializeOnLoad (11ms)
				EditorAssembliesLoaded (0ms)
			ExecutionOrderSort2 (0ms)
			AwakeInstancesAfterBackupRestoration (12ms)
Platform modules already initialized, skipping
Refreshing native plugins compatible for Editor in 0.37 ms, found 2 plugins.
Preloading 0 native plugins for Editor in 0.00 ms.
Unloading 1393 Unused Serialized files (Serialized files now loaded: 0)
System memory in use before: 81.8 MB.
System memory in use after: 81.9 MB.

Unloading 11 unused Assets to reduce memory usage. Loaded Objects now: 1887.
Total: 4.853000 ms (FindLiveObjects: 0.198100 ms CreateObjectMapping: 0.075500 ms MarkObjects: 4.554000 ms  DeleteObjects: 0.023400 ms)

AssetImportParameters requested are different than current active one (requested -> active):
  custom:framework-win-MediaFoundation: 216162199b28c13a410421893ffa2e32 -> 
  custom:video-decoder-ogg-theora: a1e56fd34408186e4bbccfd4996cb3dc -> 
  custom:container-muxer-webm: aa71ff27fc2769a1b78a27578f13a17b -> 
  custom:container-demuxer-webm: 4f35f7cbe854078d1ac9338744f61a02 -> 
  custom:container-demuxer-ogg: 62fdf1f143b41e24485cea50d1cbac27 -> 
  custom:video-encoder-webm-vp8: eb34c28f22e8b96e1ab97ce403110664 -> 
  custom:video-decoder-webm-vp8: 9c59270c3fd7afecdb556c50c9e8de78 -> 
  custom:audio-decoder-ogg-vorbis: bf7c407c2cedff20999df2af8eb42d56 -> 
  custom:audio-encoder-webm-vorbis: bf7c407c2cedff20999df2af8eb42d56 -> 
========================================================================
Received Import Request.
  Time since last request: 787.692554 seconds.
  path: Assets/all npc/Eric/Walking.fbx
  artifactKey: Guid(bdc30a81934029f4a8c803d6a46b2905) Importer(815301076,1909f56bfc062723c751e8b465ee728b)
Start importing Assets/all npc/Eric/Walking.fbx using Guid(bdc30a81934029f4a8c803d6a46b2905) Importer(815301076,1909f56bfc062723c751e8b465ee728b)  -> (artifact id: 'da7c10f60fe5297e20ff916961e37736') in 0.119098 seconds 
  Import took 0.122590 seconds .

========================================================================
Received Import Request.
  Time since last request: 16.682515 seconds.
  path: Assets/all npc/Eric/Walking.fbx
  artifactKey: Guid(bdc30a81934029f4a8c803d6a46b2905) Importer(815301076,1909f56bfc062723c751e8b465ee728b)
Start importing Assets/all npc/Eric/Walking.fbx using Guid(bdc30a81934029f4a8c803d6a46b2905) Importer(815301076,1909f56bfc062723c751e8b465ee728b)  -> (artifact id: '98b5a577c9befb46603670d52cfef4f1') in 0.035479 seconds 
  Import took 0.038992 seconds .

========================================================================
Received Import Request.
  Time since last request: 60.717895 seconds.
  path: Assets/all npc/Eric/Walking.fbx
  artifactKey: Guid(bdc30a81934029f4a8c803d6a46b2905) Importer(815301076,1909f56bfc062723c751e8b465ee728b)
Start importing Assets/all npc/Eric/Walking.fbx using Guid(bdc30a81934029f4a8c803d6a46b2905) Importer(815301076,1909f56bfc062723c751e8b465ee728b)  -> (artifact id: 'e4d0ed1132f313a2dd766f9dfb01311e') in 0.032580 seconds 
  Import took 0.036125 seconds .

========================================================================
Received Prepare
Registering precompiled user dll's ...
Registered in 0.006123 seconds.
Begin MonoManager ReloadAssembly
Native extension for WindowsStandalone target not found
Native extension for WebGL target not found
Refreshing native plugins compatible for Editor in 0.47 ms, found 2 plugins.
Preloading 0 native plugins for Editor in 0.00 ms.
Mono: successfully reloaded assembly
- Completed reload, in  2.144 seconds
Domain Reload Profiling:
	ReloadAssembly (2145ms)
		BeginReloadAssembly (328ms)
			ExecutionOrderSort (0ms)
			DisableScriptedObjects (10ms)
			BackupInstance (0ms)
			ReleaseScriptingObjects (0ms)
			CreateAndSetChildDomain (83ms)
		EndReloadAssembly (1628ms)
			LoadAssemblies (266ms)
			RebuildTransferFunctionScriptingTraits (0ms)
			SetupTypeCache (567ms)
			ReleaseScriptCaches (1ms)
			RebuildScriptCaches (80ms)
			SetupLoadedEditorAssemblies (596ms)
				LogAssemblyErrors (0ms)
				InitializePlatformSupportModulesInManaged (15ms)
				SetLoadedEditorAssemblies (1ms)
				RefreshPlugins (1ms)
				BeforeProcessingInitializeOnLoad (147ms)
				ProcessInitializeOnLoadAttributes (411ms)
				ProcessInitializeOnLoadMethodAttributes (6ms)
				AfterProcessingInitializeOnLoad (15ms)
				EditorAssembliesLoaded (0ms)
			ExecutionOrderSort2 (0ms)
			AwakeInstancesAfterBackupRestoration (14ms)
Platform modules already initialized, skipping
Refreshing native plugins compatible for Editor in 0.45 ms, found 2 plugins.
Preloading 0 native plugins for Editor in 0.00 ms.
Unloading 1393 Unused Serialized files (Serialized files now loaded: 0)
System memory in use before: 81.9 MB.
System memory in use after: 82.0 MB.

Unloading 11 unused Assets to reduce memory usage. Loaded Objects now: 1890.
Total: 5.126400 ms (FindLiveObjects: 0.227200 ms CreateObjectMapping: 0.078100 ms MarkObjects: 4.790400 ms  DeleteObjects: 0.027800 ms)

AssetImportParameters requested are different than current active one (requested -> active):
  custom:framework-win-MediaFoundation: 216162199b28c13a410421893ffa2e32 -> 
  custom:video-decoder-ogg-theora: a1e56fd34408186e4bbccfd4996cb3dc -> 
  custom:container-muxer-webm: aa71ff27fc2769a1b78a27578f13a17b -> 
  custom:container-demuxer-webm: 4f35f7cbe854078d1ac9338744f61a02 -> 
  custom:container-demuxer-ogg: 62fdf1f143b41e24485cea50d1cbac27 -> 
  custom:video-encoder-webm-vp8: eb34c28f22e8b96e1ab97ce403110664 -> 
  custom:video-decoder-webm-vp8: 9c59270c3fd7afecdb556c50c9e8de78 -> 
  custom:audio-decoder-ogg-vorbis: bf7c407c2cedff20999df2af8eb42d56 -> 
  custom:audio-encoder-webm-vorbis: bf7c407c2cedff20999df2af8eb42d56 -> 
========================================================================
Received Import Request.
  Time since last request: 216.538746 seconds.
  path: Assets/all npc/Eric/Walking.fbx
  artifactKey: Guid(bdc30a81934029f4a8c803d6a46b2905) Importer(815301076,1909f56bfc062723c751e8b465ee728b)
Start importing Assets/all npc/Eric/Walking.fbx using Guid(bdc30a81934029f4a8c803d6a46b2905) Importer(815301076,1909f56bfc062723c751e8b465ee728b)  -> (artifact id: '78e7665598a6d179a879d7e20a95dd20') in 0.176526 seconds 
  Import took 0.183175 seconds .

========================================================================
Received Prepare
Registering precompiled user dll's ...
Registered in 0.004786 seconds.
Begin MonoManager ReloadAssembly
Native extension for WindowsStandalone target not found
Native extension for WebGL target not found
Refreshing native plugins compatible for Editor in 0.45 ms, found 2 plugins.
Preloading 0 native plugins for Editor in 0.00 ms.
Mono: successfully reloaded assembly
- Completed reload, in  1.710 seconds
Domain Reload Profiling:
	ReloadAssembly (1711ms)
		BeginReloadAssembly (196ms)
			ExecutionOrderSort (0ms)
			DisableScriptedObjects (7ms)
			BackupInstance (0ms)
			ReleaseScriptingObjects (0ms)
			CreateAndSetChildDomain (45ms)
		EndReloadAssembly (1400ms)
			LoadAssemblies (217ms)
			RebuildTransferFunctionScriptingTraits (0ms)
			SetupTypeCache (500ms)
			ReleaseScriptCaches (1ms)
			RebuildScriptCaches (51ms)
			SetupLoadedEditorAssemblies (479ms)
				LogAssemblyErrors (0ms)
				InitializePlatformSupportModulesInManaged (12ms)
				SetLoadedEditorAssemblies (1ms)
				RefreshPlugins (1ms)
				BeforeProcessingInitializeOnLoad (133ms)
				ProcessInitializeOnLoadAttributes (313ms)
				ProcessInitializeOnLoadMethodAttributes (6ms)
				AfterProcessingInitializeOnLoad (13ms)
				EditorAssembliesLoaded (0ms)
			ExecutionOrderSort2 (0ms)
			AwakeInstancesAfterBackupRestoration (11ms)
Platform modules already initialized, skipping
Refreshing native plugins compatible for Editor in 0.45 ms, found 2 plugins.
Preloading 0 native plugins for Editor in 0.00 ms.
Unloading 1393 Unused Serialized files (Serialized files now loaded: 0)
System memory in use before: 81.9 MB.
System memory in use after: 82.0 MB.

Unloading 11 unused Assets to reduce memory usage. Loaded Objects now: 1893.
Total: 4.252400 ms (FindLiveObjects: 0.215900 ms CreateObjectMapping: 0.056700 ms MarkObjects: 3.956400 ms  DeleteObjects: 0.021900 ms)

AssetImportParameters requested are different than current active one (requested -> active):
  custom:framework-win-MediaFoundation: 216162199b28c13a410421893ffa2e32 -> 
  custom:video-decoder-ogg-theora: a1e56fd34408186e4bbccfd4996cb3dc -> 
  custom:container-muxer-webm: aa71ff27fc2769a1b78a27578f13a17b -> 
  custom:container-demuxer-webm: 4f35f7cbe854078d1ac9338744f61a02 -> 
  custom:container-demuxer-ogg: 62fdf1f143b41e24485cea50d1cbac27 -> 
  custom:video-encoder-webm-vp8: eb34c28f22e8b96e1ab97ce403110664 -> 
  custom:video-decoder-webm-vp8: 9c59270c3fd7afecdb556c50c9e8de78 -> 
  custom:audio-decoder-ogg-vorbis: bf7c407c2cedff20999df2af8eb42d56 -> 
  custom:audio-encoder-webm-vorbis: bf7c407c2cedff20999df2af8eb42d56 -> 
========================================================================
Received Import Request.
  Time since last request: 16.270761 seconds.
  path: Assets/all npc/Eric/Walking.fbx
  artifactKey: Guid(bdc30a81934029f4a8c803d6a46b2905) Importer(815301076,1909f56bfc062723c751e8b465ee728b)
Start importing Assets/all npc/Eric/Walking.fbx using Guid(bdc30a81934029f4a8c803d6a46b2905) Importer(815301076,1909f56bfc062723c751e8b465ee728b)  -> (artifact id: '357f17fb807a60f93ff33b5016f5fb50') in 0.151450 seconds 
  Import took 0.155716 seconds .

========================================================================
Received Prepare
Registering precompiled user dll's ...
Registered in 0.006191 seconds.
Begin MonoManager ReloadAssembly
Native extension for WindowsStandalone target not found
Native extension for WebGL target not found
Refreshing native plugins compatible for Editor in 0.40 ms, found 2 plugins.
Preloading 0 native plugins for Editor in 0.00 ms.
Mono: successfully reloaded assembly
- Completed reload, in  1.731 seconds
Domain Reload Profiling:
	ReloadAssembly (1732ms)
		BeginReloadAssembly (171ms)
			ExecutionOrderSort (0ms)
			DisableScriptedObjects (7ms)
			BackupInstance (0ms)
			ReleaseScriptingObjects (0ms)
			CreateAndSetChildDomain (51ms)
		EndReloadAssembly (1442ms)
			LoadAssemblies (165ms)
			RebuildTransferFunctionScriptingTraits (0ms)
			SetupTypeCache (523ms)
			ReleaseScriptCaches (1ms)
			RebuildScriptCaches (69ms)
			SetupLoadedEditorAssemblies (490ms)
				LogAssemblyErrors (0ms)
				InitializePlatformSupportModulesInManaged (9ms)
				SetLoadedEditorAssemblies (1ms)
				RefreshPlugins (0ms)
				BeforeProcessingInitializeOnLoad (117ms)
				ProcessInitializeOnLoadAttributes (339ms)
				ProcessInitializeOnLoadMethodAttributes (6ms)
				AfterProcessingInitializeOnLoad (17ms)
				EditorAssembliesLoaded (1ms)
			ExecutionOrderSort2 (0ms)
			AwakeInstancesAfterBackupRestoration (13ms)
Platform modules already initialized, skipping
Refreshing native plugins compatible for Editor in 0.45 ms, found 2 plugins.
Preloading 0 native plugins for Editor in 0.00 ms.
Unloading 1393 Unused Serialized files (Serialized files now loaded: 0)
System memory in use before: 81.9 MB.
System memory in use after: 82.0 MB.

Unloading 11 unused Assets to reduce memory usage. Loaded Objects now: 1896.
Total: 4.690400 ms (FindLiveObjects: 0.235600 ms CreateObjectMapping: 0.070800 ms MarkObjects: 4.353300 ms  DeleteObjects: 0.028600 ms)

AssetImportParameters requested are different than current active one (requested -> active):
  custom:framework-win-MediaFoundation: 216162199b28c13a410421893ffa2e32 -> 
  custom:video-decoder-ogg-theora: a1e56fd34408186e4bbccfd4996cb3dc -> 
  custom:container-muxer-webm: aa71ff27fc2769a1b78a27578f13a17b -> 
  custom:container-demuxer-webm: 4f35f7cbe854078d1ac9338744f61a02 -> 
  custom:container-demuxer-ogg: 62fdf1f143b41e24485cea50d1cbac27 -> 
  custom:video-encoder-webm-vp8: eb34c28f22e8b96e1ab97ce403110664 -> 
  custom:video-decoder-webm-vp8: 9c59270c3fd7afecdb556c50c9e8de78 -> 
  custom:audio-decoder-ogg-vorbis: bf7c407c2cedff20999df2af8eb42d56 -> 
  custom:audio-encoder-webm-vorbis: bf7c407c2cedff20999df2af8eb42d56 -> 
========================================================================
Received Import Request.
  Time since last request: 24.206070 seconds.
  path: Assets/all npc/Eric/Walking.fbx
  artifactKey: Guid(bdc30a81934029f4a8c803d6a46b2905) Importer(815301076,1909f56bfc062723c751e8b465ee728b)
Start importing Assets/all npc/Eric/Walking.fbx using Guid(bdc30a81934029f4a8c803d6a46b2905) Importer(815301076,1909f56bfc062723c751e8b465ee728b)  -> (artifact id: '24fbba33f7314d3076697b908d23ad15') in 0.137235 seconds 
  Import took 0.141078 seconds .

========================================================================
Received Prepare
Registering precompiled user dll's ...
Registered in 0.005341 seconds.
Begin MonoManager ReloadAssembly
Native extension for WindowsStandalone target not found
Native extension for WebGL target not found
Refreshing native plugins compatible for Editor in 0.56 ms, found 2 plugins.
Preloading 0 native plugins for Editor in 0.00 ms.
Mono: successfully reloaded assembly
- Completed reload, in  1.643 seconds
Domain Reload Profiling:
	ReloadAssembly (1644ms)
		BeginReloadAssembly (164ms)
			ExecutionOrderSort (0ms)
			DisableScriptedObjects (9ms)
			BackupInstance (0ms)
			ReleaseScriptingObjects (0ms)
			CreateAndSetChildDomain (45ms)
		EndReloadAssembly (1380ms)
			LoadAssemblies (143ms)
			RebuildTransferFunctionScriptingTraits (0ms)
			SetupTypeCache (539ms)
			ReleaseScriptCaches (1ms)
			RebuildScriptCaches (55ms)
			SetupLoadedEditorAssemblies (472ms)
				LogAssemblyErrors (0ms)
				InitializePlatformSupportModulesInManaged (9ms)
				SetLoadedEditorAssemblies (1ms)
				RefreshPlugins (1ms)
				BeforeProcessingInitializeOnLoad (128ms)
				ProcessInitializeOnLoadAttributes (312ms)
				ProcessInitializeOnLoadMethodAttributes (6ms)
				AfterProcessingInitializeOnLoad (15ms)
				EditorAssembliesLoaded (0ms)
			ExecutionOrderSort2 (0ms)
			AwakeInstancesAfterBackupRestoration (14ms)
Platform modules already initialized, skipping
Refreshing native plugins compatible for Editor in 0.52 ms, found 2 plugins.
Preloading 0 native plugins for Editor in 0.00 ms.
Unloading 1393 Unused Serialized files (Serialized files now loaded: 0)
System memory in use before: 81.9 MB.
System memory in use after: 82.0 MB.

Unloading 11 unused Assets to reduce memory usage. Loaded Objects now: 1899.
Total: 4.870800 ms (FindLiveObjects: 0.260100 ms CreateObjectMapping: 0.083200 ms MarkObjects: 4.495100 ms  DeleteObjects: 0.030600 ms)

AssetImportParameters requested are different than current active one (requested -> active):
  custom:framework-win-MediaFoundation: 216162199b28c13a410421893ffa2e32 -> 
  custom:video-decoder-ogg-theora: a1e56fd34408186e4bbccfd4996cb3dc -> 
  custom:container-muxer-webm: aa71ff27fc2769a1b78a27578f13a17b -> 
  custom:container-demuxer-webm: 4f35f7cbe854078d1ac9338744f61a02 -> 
  custom:container-demuxer-ogg: 62fdf1f143b41e24485cea50d1cbac27 -> 
  custom:video-encoder-webm-vp8: eb34c28f22e8b96e1ab97ce403110664 -> 
  custom:video-decoder-webm-vp8: 9c59270c3fd7afecdb556c50c9e8de78 -> 
  custom:audio-decoder-ogg-vorbis: bf7c407c2cedff20999df2af8eb42d56 -> 
  custom:audio-encoder-webm-vorbis: bf7c407c2cedff20999df2af8eb42d56 -> 
========================================================================
Received Import Request.
  Time since last request: 18.209033 seconds.
  path: Assets/all npc/Eric/Walking.fbx
  artifactKey: Guid(bdc30a81934029f4a8c803d6a46b2905) Importer(815301076,1909f56bfc062723c751e8b465ee728b)
Start importing Assets/all npc/Eric/Walking.fbx using Guid(bdc30a81934029f4a8c803d6a46b2905) Importer(815301076,1909f56bfc062723c751e8b465ee728b)  -> (artifact id: '94385e9097a21ea7177159fd8e2280aa') in 0.161737 seconds 
  Import took 0.166012 seconds .

========================================================================
Received Prepare
Registering precompiled user dll's ...
Registered in 0.004895 seconds.
Begin MonoManager ReloadAssembly
Native extension for WindowsStandalone target not found
Native extension for WebGL target not found
Refreshing native plugins compatible for Editor in 0.43 ms, found 2 plugins.
Preloading 0 native plugins for Editor in 0.00 ms.
Mono: successfully reloaded assembly
- Completed reload, in  1.758 seconds
Domain Reload Profiling:
	ReloadAssembly (1758ms)
		BeginReloadAssembly (187ms)
			ExecutionOrderSort (0ms)
			DisableScriptedObjects (6ms)
			BackupInstance (0ms)
			ReleaseScriptingObjects (0ms)
			CreateAndSetChildDomain (52ms)
		EndReloadAssembly (1467ms)
			LoadAssemblies (153ms)
			RebuildTransferFunctionScriptingTraits (0ms)
			SetupTypeCache (548ms)
			ReleaseScriptCaches (1ms)
			RebuildScriptCaches (59ms)
			SetupLoadedEditorAssemblies (564ms)
				LogAssemblyErrors (0ms)
				InitializePlatformSupportModulesInManaged (10ms)
				SetLoadedEditorAssemblies (1ms)
				RefreshPlugins (1ms)
				BeforeProcessingInitializeOnLoad (142ms)
				ProcessInitializeOnLoadAttributes (389ms)
				ProcessInitializeOnLoadMethodAttributes (6ms)
				AfterProcessingInitializeOnLoad (15ms)
				EditorAssembliesLoaded (0ms)
			ExecutionOrderSort2 (0ms)
			AwakeInstancesAfterBackupRestoration (11ms)
Platform modules already initialized, skipping
Refreshing native plugins compatible for Editor in 0.44 ms, found 2 plugins.
Preloading 0 native plugins for Editor in 0.00 ms.
Unloading 1393 Unused Serialized files (Serialized files now loaded: 0)
System memory in use before: 81.9 MB.
System memory in use after: 82.0 MB.

Unloading 11 unused Assets to reduce memory usage. Loaded Objects now: 1902.
Total: 4.523500 ms (FindLiveObjects: 0.190400 ms CreateObjectMapping: 0.055000 ms MarkObjects: 4.238300 ms  DeleteObjects: 0.037900 ms)

AssetImportParameters requested are different than current active one (requested -> active):
  custom:framework-win-MediaFoundation: 216162199b28c13a410421893ffa2e32 -> 
  custom:video-decoder-ogg-theora: a1e56fd34408186e4bbccfd4996cb3dc -> 
  custom:container-muxer-webm: aa71ff27fc2769a1b78a27578f13a17b -> 
  custom:container-demuxer-webm: 4f35f7cbe854078d1ac9338744f61a02 -> 
  custom:container-demuxer-ogg: 62fdf1f143b41e24485cea50d1cbac27 -> 
  custom:video-encoder-webm-vp8: eb34c28f22e8b96e1ab97ce403110664 -> 
  custom:video-decoder-webm-vp8: 9c59270c3fd7afecdb556c50c9e8de78 -> 
  custom:audio-decoder-ogg-vorbis: bf7c407c2cedff20999df2af8eb42d56 -> 
  custom:audio-encoder-webm-vorbis: bf7c407c2cedff20999df2af8eb42d56 -> 
========================================================================
Received Import Request.
  Time since last request: 51.104823 seconds.
  path: Assets/all npc/Eric/Walking (1).fbx
  artifactKey: Guid(111a9b04b551e2643ac406e2d2b314d7) Importer(815301076,1909f56bfc062723c751e8b465ee728b)
Start importing Assets/all npc/Eric/Walking (1).fbx using Guid(111a9b04b551e2643ac406e2d2b314d7) Importer(815301076,1909f56bfc062723c751e8b465ee728b)  -> (artifact id: '382cb383a055679000fbe5494abcb24b') in 0.131542 seconds 
  Import took 0.135224 seconds .

========================================================================
Received Import Request.
  Time since last request: 5.506411 seconds.
  path: Assets/all npc/Eric/Walking.fbx
  artifactKey: Guid(111a9b04b551e2643ac406e2d2b314d7) Importer(815301076,1909f56bfc062723c751e8b465ee728b)
Start importing Assets/all npc/Eric/Walking.fbx using Guid(111a9b04b551e2643ac406e2d2b314d7) Importer(815301076,1909f56bfc062723c751e8b465ee728b)  -> (artifact id: '78434e333914f54dbd044f0c94e12077') in 0.035437 seconds 
  Import took 0.040040 seconds .

========================================================================
Received Import Request.
  Time since last request: 11.867762 seconds.
  path: Assets/all npc/Eric/Eric walk.controller
  artifactKey: Guid(28ee30b8ccc49aa44bf13c0d0e737f14) Importer(815301076,1909f56bfc062723c751e8b465ee728b)
Start importing Assets/all npc/Eric/Eric walk.controller using Guid(28ee30b8ccc49aa44bf13c0d0e737f14) Importer(815301076,1909f56bfc062723c751e8b465ee728b)  -> (artifact id: 'b93ebc24ec18f4bbbe734b2be8fa1400') in 0.004980 seconds 
  Import took 0.008804 seconds .

========================================================================
Received Import Request.
  Time since last request: 15.699656 seconds.
  path: Assets/all npc/Eric/Walking.fbx
  artifactKey: Guid(111a9b04b551e2643ac406e2d2b314d7) Importer(815301076,1909f56bfc062723c751e8b465ee728b)
Start importing Assets/all npc/Eric/Walking.fbx using Guid(111a9b04b551e2643ac406e2d2b314d7) Importer(815301076,1909f56bfc062723c751e8b465ee728b)  -> (artifact id: 'cecb1aaed1fab335a57f8715ba32cde9') in 0.034199 seconds 
  Import took 0.038079 seconds .

========================================================================
Received Import Request.
  Time since last request: 4.832825 seconds.
  path: Assets/all npc/Eric/Walking.fbx
  artifactKey: Guid(111a9b04b551e2643ac406e2d2b314d7) Importer(815301076,1909f56bfc062723c751e8b465ee728b)
Start importing Assets/all npc/Eric/Walking.fbx using Guid(111a9b04b551e2643ac406e2d2b314d7) Importer(815301076,1909f56bfc062723c751e8b465ee728b)  -> (artifact id: '35d0b7fc192e16044b71f5c2326830c6') in 0.031419 seconds 
  Import took 0.035089 seconds .

========================================================================
Received Import Request.
  Time since last request: 6.579905 seconds.
  path: Assets/all npc/Eric/Walking.fbx
  artifactKey: Guid(111a9b04b551e2643ac406e2d2b314d7) Importer(815301076,1909f56bfc062723c751e8b465ee728b)
Start importing Assets/all npc/Eric/Walking.fbx using Guid(111a9b04b551e2643ac406e2d2b314d7) Importer(815301076,1909f56bfc062723c751e8b465ee728b)  -> (artifact id: '316832aa5ceda1431e52a7edd8e63c4b') in 0.033669 seconds 
  Import took 0.038599 seconds .

========================================================================
Received Prepare
Registering precompiled user dll's ...
Registered in 0.005393 seconds.
Begin MonoManager ReloadAssembly
Native extension for WindowsStandalone target not found
Native extension for WebGL target not found
Refreshing native plugins compatible for Editor in 0.40 ms, found 2 plugins.
Preloading 0 native plugins for Editor in 0.00 ms.
Mono: successfully reloaded assembly
- Completed reload, in  1.764 seconds
Domain Reload Profiling:
	ReloadAssembly (1765ms)
		BeginReloadAssembly (169ms)
			ExecutionOrderSort (0ms)
			DisableScriptedObjects (4ms)
			BackupInstance (0ms)
			ReleaseScriptingObjects (0ms)
			CreateAndSetChildDomain (67ms)
		EndReloadAssembly (1446ms)
			LoadAssemblies (144ms)
			RebuildTransferFunctionScriptingTraits (0ms)
			SetupTypeCache (490ms)
			ReleaseScriptCaches (1ms)
			RebuildScriptCaches (52ms)
			SetupLoadedEditorAssemblies (614ms)
				LogAssemblyErrors (0ms)
				InitializePlatformSupportModulesInManaged (9ms)
				SetLoadedEditorAssemblies (1ms)
				RefreshPlugins (0ms)
				BeforeProcessingInitializeOnLoad (163ms)
				ProcessInitializeOnLoadAttributes (419ms)
				ProcessInitializeOnLoadMethodAttributes (6ms)
				AfterProcessingInitializeOnLoad (14ms)
				EditorAssembliesLoaded (0ms)
			ExecutionOrderSort2 (0ms)
			AwakeInstancesAfterBackupRestoration (11ms)
Platform modules already initialized, skipping
Refreshing native plugins compatible for Editor in 0.64 ms, found 2 plugins.
Preloading 0 native plugins for Editor in 0.00 ms.
Unloading 1393 Unused Serialized files (Serialized files now loaded: 0)
System memory in use before: 82.0 MB.
System memory in use after: 82.1 MB.

Unloading 11 unused Assets to reduce memory usage. Loaded Objects now: 1905.
Total: 3.615800 ms (FindLiveObjects: 0.165000 ms CreateObjectMapping: 0.051800 ms MarkObjects: 3.379600 ms  DeleteObjects: 0.018000 ms)

AssetImportParameters requested are different than current active one (requested -> active):
  custom:framework-win-MediaFoundation: 216162199b28c13a410421893ffa2e32 -> 
  custom:video-decoder-ogg-theora: a1e56fd34408186e4bbccfd4996cb3dc -> 
  custom:container-muxer-webm: aa71ff27fc2769a1b78a27578f13a17b -> 
  custom:container-demuxer-webm: 4f35f7cbe854078d1ac9338744f61a02 -> 
  custom:container-demuxer-ogg: 62fdf1f143b41e24485cea50d1cbac27 -> 
  custom:video-encoder-webm-vp8: eb34c28f22e8b96e1ab97ce403110664 -> 
  custom:video-decoder-webm-vp8: 9c59270c3fd7afecdb556c50c9e8de78 -> 
  custom:audio-decoder-ogg-vorbis: bf7c407c2cedff20999df2af8eb42d56 -> 
  custom:audio-encoder-webm-vorbis: bf7c407c2cedff20999df2af8eb42d56 -> 
========================================================================
Received Prepare
Registering precompiled user dll's ...
Registered in 0.010801 seconds.
Begin MonoManager ReloadAssembly
Native extension for WindowsStandalone target not found
Native extension for WebGL target not found
Refreshing native plugins compatible for Editor in 0.33 ms, found 2 plugins.
Preloading 0 native plugins for Editor in 0.00 ms.
Mono: successfully reloaded assembly
- Completed reload, in  1.382 seconds
Domain Reload Profiling:
	ReloadAssembly (1383ms)
		BeginReloadAssembly (162ms)
			ExecutionOrderSort (0ms)
			DisableScriptedObjects (7ms)
			BackupInstance (0ms)
			ReleaseScriptingObjects (0ms)
			CreateAndSetChildDomain (44ms)
		EndReloadAssembly (1133ms)
			LoadAssemblies (125ms)
			RebuildTransferFunctionScriptingTraits (0ms)
			SetupTypeCache (448ms)
			ReleaseScriptCaches (1ms)
			RebuildScriptCaches (55ms)
			SetupLoadedEditorAssemblies (375ms)
				LogAssemblyErrors (0ms)
				InitializePlatformSupportModulesInManaged (8ms)
				SetLoadedEditorAssemblies (1ms)
				RefreshPlugins (0ms)
				BeforeProcessingInitializeOnLoad (95ms)
				ProcessInitializeOnLoadAttributes (252ms)
				ProcessInitializeOnLoadMethodAttributes (7ms)
				AfterProcessingInitializeOnLoad (12ms)
				EditorAssembliesLoaded (0ms)
			ExecutionOrderSort2 (0ms)
			AwakeInstancesAfterBackupRestoration (8ms)
Platform modules already initialized, skipping
Refreshing native plugins compatible for Editor in 0.44 ms, found 2 plugins.
Preloading 0 native plugins for Editor in 0.00 ms.
Unloading 1393 Unused Serialized files (Serialized files now loaded: 0)
System memory in use before: 82.0 MB.
System memory in use after: 82.1 MB.

Unloading 11 unused Assets to reduce memory usage. Loaded Objects now: 1907.
Total: 3.519700 ms (FindLiveObjects: 0.174800 ms CreateObjectMapping: 0.044500 ms MarkObjects: 3.279100 ms  DeleteObjects: 0.019900 ms)

AssetImportParameters requested are different than current active one (requested -> active):
  custom:framework-win-MediaFoundation: 216162199b28c13a410421893ffa2e32 -> 
  custom:video-decoder-ogg-theora: a1e56fd34408186e4bbccfd4996cb3dc -> 
  custom:container-muxer-webm: aa71ff27fc2769a1b78a27578f13a17b -> 
  custom:container-demuxer-webm: 4f35f7cbe854078d1ac9338744f61a02 -> 
  custom:container-demuxer-ogg: 62fdf1f143b41e24485cea50d1cbac27 -> 
  custom:video-encoder-webm-vp8: eb34c28f22e8b96e1ab97ce403110664 -> 
  custom:video-decoder-webm-vp8: 9c59270c3fd7afecdb556c50c9e8de78 -> 
  custom:audio-decoder-ogg-vorbis: bf7c407c2cedff20999df2af8eb42d56 -> 
  custom:audio-encoder-webm-vorbis: bf7c407c2cedff20999df2af8eb42d56 -> 
========================================================================
Received Prepare
Registering precompiled user dll's ...
Registered in 0.009047 seconds.
Begin MonoManager ReloadAssembly
Native extension for WindowsStandalone target not found
Native extension for WebGL target not found
Refreshing native plugins compatible for Editor in 0.58 ms, found 2 plugins.
Preloading 0 native plugins for Editor in 0.00 ms.
Mono: successfully reloaded assembly
- Completed reload, in  3.357 seconds
Domain Reload Profiling:
	ReloadAssembly (3359ms)
		BeginReloadAssembly (562ms)
			ExecutionOrderSort (0ms)
			DisableScriptedObjects (17ms)
			BackupInstance (0ms)
			ReleaseScriptingObjects (0ms)
			CreateAndSetChildDomain (226ms)
		EndReloadAssembly (2540ms)
			LoadAssemblies (350ms)
			RebuildTransferFunctionScriptingTraits (0ms)
			SetupTypeCache (778ms)
			ReleaseScriptCaches (2ms)
			RebuildScriptCaches (137ms)
			SetupLoadedEditorAssemblies (968ms)
				LogAssemblyErrors (0ms)
				InitializePlatformSupportModulesInManaged (18ms)
				SetLoadedEditorAssemblies (1ms)
				RefreshPlugins (1ms)
				BeforeProcessingInitializeOnLoad (256ms)
				ProcessInitializeOnLoadAttributes (652ms)
				ProcessInitializeOnLoadMethodAttributes (10ms)
				AfterProcessingInitializeOnLoad (29ms)
				EditorAssembliesLoaded (1ms)
			ExecutionOrderSort2 (0ms)
			AwakeInstancesAfterBackupRestoration (23ms)
Platform modules already initialized, skipping
Refreshing native plugins compatible for Editor in 0.81 ms, found 2 plugins.
Preloading 0 native plugins for Editor in 0.00 ms.
Unloading 1393 Unused Serialized files (Serialized files now loaded: 0)
System memory in use before: 82.0 MB.
System memory in use after: 82.1 MB.

Unloading 11 unused Assets to reduce memory usage. Loaded Objects now: 1909.
Total: 5.961400 ms (FindLiveObjects: 0.234500 ms CreateObjectMapping: 0.080800 ms MarkObjects: 5.610400 ms  DeleteObjects: 0.032900 ms)

AssetImportParameters requested are different than current active one (requested -> active):
  custom:framework-win-MediaFoundation: 216162199b28c13a410421893ffa2e32 -> 
  custom:video-decoder-ogg-theora: a1e56fd34408186e4bbccfd4996cb3dc -> 
  custom:container-muxer-webm: aa71ff27fc2769a1b78a27578f13a17b -> 
  custom:container-demuxer-webm: 4f35f7cbe854078d1ac9338744f61a02 -> 
  custom:container-demuxer-ogg: 62fdf1f143b41e24485cea50d1cbac27 -> 
  custom:video-encoder-webm-vp8: eb34c28f22e8b96e1ab97ce403110664 -> 
  custom:video-decoder-webm-vp8: 9c59270c3fd7afecdb556c50c9e8de78 -> 
  custom:audio-decoder-ogg-vorbis: bf7c407c2cedff20999df2af8eb42d56 -> 
  custom:audio-encoder-webm-vorbis: bf7c407c2cedff20999df2af8eb42d56 -> 
========================================================================
Received Import Request.
  Time since last request: 819.451092 seconds.
  path: Assets/all npc/Police
  artifactKey: Guid(b049fc60292421b49a6a7128f7340058) Importer(815301076,1909f56bfc062723c751e8b465ee728b)
Start importing Assets/all npc/Police using Guid(b049fc60292421b49a6a7128f7340058) Importer(815301076,1909f56bfc062723c751e8b465ee728b)  -> (artifact id: '8397f6a446b4188dd6ceac4feb53d3fb') in 0.006874 seconds 
  Import took 0.012704 seconds .

========================================================================
Received Import Request.
  Time since last request: 0.019731 seconds.
  path: Assets/all npc/Police/Police(材質球).mat
  artifactKey: Guid(8f23684d2566aff4bb9c5b4ff48d4be9) Importer(815301076,1909f56bfc062723c751e8b465ee728b)
Start importing Assets/all npc/Police/Police(材質球).mat using Guid(8f23684d2566aff4bb9c5b4ff48d4be9) Importer(815301076,1909f56bfc062723c751e8b465ee728b)  -> (artifact id: 'c0e799c7c8d45b9b056accb5473eef2f') in 0.071823 seconds 
  Import took 0.075144 seconds .

========================================================================
Received Import Request.
  Time since last request: 0.000356 seconds.
  path: Assets/all npc/Police/Police.png
  artifactKey: Guid(bcecb69e27adb12418a5d3b38fdc7f42) Importer(815301076,1909f56bfc062723c751e8b465ee728b)
Start importing Assets/all npc/Police/Police.png using Guid(bcecb69e27adb12418a5d3b38fdc7f42) Importer(815301076,1909f56bfc062723c751e8b465ee728b)  -> (artifact id: '3f58c5842582b4bcd36d13b15b57e802') in 0.017068 seconds 
  Import took 0.021059 seconds .

========================================================================
Received Import Request.
  Time since last request: 0.000390 seconds.
  path: Assets/all npc/Police/Police.fbx
  artifactKey: Guid(fb6d675d9289f9c4c9dce130cfb3e5c9) Importer(815301076,1909f56bfc062723c751e8b465ee728b)
Start importing Assets/all npc/Police/Police.fbx using Guid(fb6d675d9289f9c4c9dce130cfb3e5c9) Importer(815301076,1909f56bfc062723c751e8b465ee728b)  -> (artifact id: '7131f7444a5dacc2afd588c7f9eb52dd') in 0.050369 seconds 
  Import took 0.054878 seconds .

========================================================================
Received Import Request.
  Time since last request: 438.751073 seconds.
  path: Assets/all npc/Mandy/Mandy(城鎮).png
  artifactKey: Guid(9bbe4e40124cef747bac20825d6787c9) Importer(815301076,1909f56bfc062723c751e8b465ee728b)
Start importing Assets/all npc/Mandy/Mandy(城鎮).png using Guid(9bbe4e40124cef747bac20825d6787c9) Importer(815301076,1909f56bfc062723c751e8b465ee728b)  -> (artifact id: '5a52ce6fc47dc77fd6e2b0626f6ddb30') in 0.021293 seconds 
  Import took 0.025021 seconds .

========================================================================
Received Import Request.
  Time since last request: 0.000364 seconds.
  path: Assets/all npc/Mandy/Mandy(材質球).mat
  artifactKey: Guid(ac443876478d8a74585062326b77df82) Importer(815301076,1909f56bfc062723c751e8b465ee728b)
Start importing Assets/all npc/Mandy/Mandy(材質球).mat using Guid(ac443876478d8a74585062326b77df82) Importer(815301076,1909f56bfc062723c751e8b465ee728b)  -> (artifact id: '6ed8c11fec3a2eacfdfdad43928a6992') in 0.017179 seconds 
  Import took 0.020783 seconds .

========================================================================
Received Import Request.
  Time since last request: 0.000454 seconds.
  path: Assets/all npc/Mandy/Mandy.fbx
  artifactKey: Guid(3facfa4488d20c943b0cfc79a81aaa8f) Importer(815301076,1909f56bfc062723c751e8b465ee728b)
Start importing Assets/all npc/Mandy/Mandy.fbx using Guid(3facfa4488d20c943b0cfc79a81aaa8f) Importer(815301076,1909f56bfc062723c751e8b465ee728b)  -> (artifact id: '5a21b15a2b6e9df2fd7b3a67b83a1ab1') in 0.039889 seconds 
  Import took 0.044354 seconds .

========================================================================
Received Import Request.
  Time since last request: 0.000434 seconds.
  path: Assets/all npc/Mandy/Mandy(湖邊).png
  artifactKey: Guid(dd053648cf6d27542b1322ace9256846) Importer(815301076,1909f56bfc062723c751e8b465ee728b)
Start importing Assets/all npc/Mandy/Mandy(湖邊).png using Guid(dd053648cf6d27542b1322ace9256846) Importer(815301076,1909f56bfc062723c751e8b465ee728b)  -> (artifact id: 'a3281d2edd7a1ada2ca9f58886b91cda') in 0.020882 seconds 
  Import took 0.025392 seconds .

========================================================================
Received Import Request.
  Time since last request: 2.787914 seconds.
  path: Assets/all npc/Mandy/Mandy.fbm
  artifactKey: Guid(4fe80b216f63cc044a4911830a063b56) Importer(815301076,1909f56bfc062723c751e8b465ee728b)
Start importing Assets/all npc/Mandy/Mandy.fbm using Guid(4fe80b216f63cc044a4911830a063b56) Importer(815301076,1909f56bfc062723c751e8b465ee728b)  -> (artifact id: 'f5894d54bf5c03c916bcdeeceb416bec') in 0.002538 seconds 
  Import took 0.005104 seconds .

========================================================================
Received Import Request.
  Time since last request: 0.939863 seconds.
  path: Assets/all npc/Mandy/Mandy.fbm/RGB.png
  artifactKey: Guid(e716e0f2824f3264b92d05145b959c98) Importer(815301076,1909f56bfc062723c751e8b465ee728b)
Start importing Assets/all npc/Mandy/Mandy.fbm/RGB.png using Guid(e716e0f2824f3264b92d05145b959c98) Importer(815301076,1909f56bfc062723c751e8b465ee728b)  -> (artifact id: '7bfe9beab19889e98c37453cc3e53263') in 0.015404 seconds 
  Import took 0.019315 seconds .

========================================================================
Received Import Request.
  Time since last request: 8.197708 seconds.
  path: Assets/all npc/Mandy/Mandy.fbx
  artifactKey: Guid(3facfa4488d20c943b0cfc79a81aaa8f) Importer(815301076,1909f56bfc062723c751e8b465ee728b)
Start importing Assets/all npc/Mandy/Mandy.fbx using Guid(3facfa4488d20c943b0cfc79a81aaa8f) Importer(815301076,1909f56bfc062723c751e8b465ee728b)  -> (artifact id: 'ceb1874f3ef8599074551567c9c11d64') in 0.045490 seconds 
  Import took 0.049320 seconds .

========================================================================
Received Import Request.
  Time since last request: 186.941356 seconds.
  path: Assets/all npc/Mandy/Greeting.fbx
  artifactKey: Guid(71348a3b18dfb864c95aa39f42c4bd27) Importer(815301076,1909f56bfc062723c751e8b465ee728b)
Start importing Assets/all npc/Mandy/Greeting.fbx using Guid(71348a3b18dfb864c95aa39f42c4bd27) Importer(815301076,1909f56bfc062723c751e8b465ee728b)  -> (artifact id: '1b6fd70882b22361ac0caa3673ac379a') in 0.056650 seconds 
  Import took 0.060776 seconds .

========================================================================
Received Import Request.
  Time since last request: 22.376617 seconds.
  path: Assets/all npc/Mandy/Greeting.fbx
  artifactKey: Guid(71348a3b18dfb864c95aa39f42c4bd27) Importer(815301076,1909f56bfc062723c751e8b465ee728b)
Start importing Assets/all npc/Mandy/Greeting.fbx using Guid(71348a3b18dfb864c95aa39f42c4bd27) Importer(815301076,1909f56bfc062723c751e8b465ee728b)  -> (artifact id: 'ff9b7ab3913c5a45632b8a9f878a1d07') in 0.040325 seconds 
  Import took 0.045895 seconds .

========================================================================
Received Import Request.
  Time since last request: 8.421443 seconds.
  path: Assets/all npc/Mandy/Greeting.fbx
  artifactKey: Guid(71348a3b18dfb864c95aa39f42c4bd27) Importer(815301076,1909f56bfc062723c751e8b465ee728b)
Start importing Assets/all npc/Mandy/Greeting.fbx using Guid(71348a3b18dfb864c95aa39f42c4bd27) Importer(815301076,1909f56bfc062723c751e8b465ee728b)  -> (artifact id: '8299d24f303788589b65b7420ccd1d73') in 0.040590 seconds 
  Import took 0.044945 seconds .

========================================================================
Received Import Request.
  Time since last request: 6.730583 seconds.
  path: Assets/all npc/Mandy/Greeting.fbx
  artifactKey: Guid(71348a3b18dfb864c95aa39f42c4bd27) Importer(815301076,1909f56bfc062723c751e8b465ee728b)
Start importing Assets/all npc/Mandy/Greeting.fbx using Guid(71348a3b18dfb864c95aa39f42c4bd27) Importer(815301076,1909f56bfc062723c751e8b465ee728b)  -> (artifact id: 'd85c2999e4f6d90b8bc9ed6b65174030') in 0.041374 seconds 
  Import took 0.046095 seconds .

========================================================================
Received Import Request.
  Time since last request: 11.502790 seconds.
  path: Assets/all npc/Mandy
  artifactKey: Guid(4a2543b2ddbfa8c44a8f0b960b0e9e80) Importer(815301076,1909f56bfc062723c751e8b465ee728b)
Start importing Assets/all npc/Mandy using Guid(4a2543b2ddbfa8c44a8f0b960b0e9e80) Importer(815301076,1909f56bfc062723c751e8b465ee728b)  -> (artifact id: 'bd039a7f4ccb348c6d3732fc506abf46') in 0.003288 seconds 
  Import took 0.008465 seconds .

========================================================================
Received Prepare
Registering precompiled user dll's ...
Registered in 0.005762 seconds.
Begin MonoManager ReloadAssembly
Native extension for WindowsStandalone target not found
Native extension for WebGL target not found
Refreshing native plugins compatible for Editor in 0.54 ms, found 2 plugins.
Preloading 0 native plugins for Editor in 0.00 ms.
Mono: successfully reloaded assembly
- Completed reload, in  1.608 seconds
Domain Reload Profiling:
	ReloadAssembly (1609ms)
		BeginReloadAssembly (188ms)
			ExecutionOrderSort (0ms)
			DisableScriptedObjects (5ms)
			BackupInstance (0ms)
			ReleaseScriptingObjects (0ms)
			CreateAndSetChildDomain (67ms)
		EndReloadAssembly (1317ms)
			LoadAssemblies (142ms)
			RebuildTransferFunctionScriptingTraits (0ms)
			SetupTypeCache (506ms)
			ReleaseScriptCaches (1ms)
			RebuildScriptCaches (65ms)
			SetupLoadedEditorAssemblies (458ms)
				LogAssemblyErrors (0ms)
				InitializePlatformSupportModulesInManaged (9ms)
				SetLoadedEditorAssemblies (1ms)
				RefreshPlugins (1ms)
				BeforeProcessingInitializeOnLoad (105ms)
				ProcessInitializeOnLoadAttributes (325ms)
				ProcessInitializeOnLoadMethodAttributes (7ms)
				AfterProcessingInitializeOnLoad (11ms)
				EditorAssembliesLoaded (0ms)
			ExecutionOrderSort2 (0ms)
			AwakeInstancesAfterBackupRestoration (11ms)
Platform modules already initialized, skipping
Refreshing native plugins compatible for Editor in 0.59 ms, found 2 plugins.
Preloading 0 native plugins for Editor in 0.00 ms.
Unloading 1393 Unused Serialized files (Serialized files now loaded: 0)
System memory in use before: 82.0 MB.
System memory in use after: 82.1 MB.

Unloading 11 unused Assets to reduce memory usage. Loaded Objects now: 1912.
Total: 5.671100 ms (FindLiveObjects: 0.214500 ms CreateObjectMapping: 0.062700 ms MarkObjects: 5.350400 ms  DeleteObjects: 0.041600 ms)

AssetImportParameters requested are different than current active one (requested -> active):
  custom:framework-win-MediaFoundation: 216162199b28c13a410421893ffa2e32 -> 
  custom:video-decoder-ogg-theora: a1e56fd34408186e4bbccfd4996cb3dc -> 
  custom:container-muxer-webm: aa71ff27fc2769a1b78a27578f13a17b -> 
  custom:container-demuxer-webm: 4f35f7cbe854078d1ac9338744f61a02 -> 
  custom:container-demuxer-ogg: 62fdf1f143b41e24485cea50d1cbac27 -> 
  custom:video-encoder-webm-vp8: eb34c28f22e8b96e1ab97ce403110664 -> 
  custom:video-decoder-webm-vp8: 9c59270c3fd7afecdb556c50c9e8de78 -> 
  custom:audio-decoder-ogg-vorbis: bf7c407c2cedff20999df2af8eb42d56 -> 
  custom:audio-encoder-webm-vorbis: bf7c407c2cedff20999df2af8eb42d56 -> 
========================================================================
Received Import Request.
  Time since last request: 25.805186 seconds.
  path: Assets/all npc/Mandy/mandy greet.controller
  artifactKey: Guid(1bd6bd22d8fe0e74d9590cb32f50225c) Importer(815301076,1909f56bfc062723c751e8b465ee728b)
Start importing Assets/all npc/Mandy/mandy greet.controller using Guid(1bd6bd22d8fe0e74d9590cb32f50225c) Importer(815301076,1909f56bfc062723c751e8b465ee728b)  -> (artifact id: '1483a11563c737dcbd4777dbe34d4156') in 0.018533 seconds 
  Import took 0.022265 seconds .

========================================================================
Received Prepare
Registering precompiled user dll's ...
Registered in 0.008058 seconds.
Begin MonoManager ReloadAssembly
Native extension for WindowsStandalone target not found
Native extension for WebGL target not found
Refreshing native plugins compatible for Editor in 0.32 ms, found 2 plugins.
Preloading 0 native plugins for Editor in 0.00 ms.
Mono: successfully reloaded assembly
- Completed reload, in  1.541 seconds
Domain Reload Profiling:
	ReloadAssembly (1542ms)
		BeginReloadAssembly (160ms)
			ExecutionOrderSort (0ms)
			DisableScriptedObjects (7ms)
			BackupInstance (0ms)
			ReleaseScriptingObjects (0ms)
			CreateAndSetChildDomain (42ms)
		EndReloadAssembly (1282ms)
			LoadAssemblies (138ms)
			RebuildTransferFunctionScriptingTraits (0ms)
			SetupTypeCache (499ms)
			ReleaseScriptCaches (1ms)
			RebuildScriptCaches (57ms)
			SetupLoadedEditorAssemblies (448ms)
				LogAssemblyErrors (0ms)
				InitializePlatformSupportModulesInManaged (9ms)
				SetLoadedEditorAssemblies (1ms)
				RefreshPlugins (0ms)
				BeforeProcessingInitializeOnLoad (109ms)
				ProcessInitializeOnLoadAttributes (312ms)
				ProcessInitializeOnLoadMethodAttributes (5ms)
				AfterProcessingInitializeOnLoad (11ms)
				EditorAssembliesLoaded (0ms)
			ExecutionOrderSort2 (0ms)
			AwakeInstancesAfterBackupRestoration (12ms)
Platform modules already initialized, skipping
Refreshing native plugins compatible for Editor in 0.42 ms, found 2 plugins.
Preloading 0 native plugins for Editor in 0.00 ms.
Unloading 1393 Unused Serialized files (Serialized files now loaded: 0)
System memory in use before: 82.0 MB.
System memory in use after: 82.1 MB.

Unloading 11 unused Assets to reduce memory usage. Loaded Objects now: 1914.
Total: 3.723200 ms (FindLiveObjects: 0.166800 ms CreateObjectMapping: 0.052000 ms MarkObjects: 3.486100 ms  DeleteObjects: 0.017200 ms)

AssetImportParameters requested are different than current active one (requested -> active):
  custom:framework-win-MediaFoundation: 216162199b28c13a410421893ffa2e32 -> 
  custom:video-decoder-ogg-theora: a1e56fd34408186e4bbccfd4996cb3dc -> 
  custom:container-muxer-webm: aa71ff27fc2769a1b78a27578f13a17b -> 
  custom:container-demuxer-webm: 4f35f7cbe854078d1ac9338744f61a02 -> 
  custom:container-demuxer-ogg: 62fdf1f143b41e24485cea50d1cbac27 -> 
  custom:video-encoder-webm-vp8: eb34c28f22e8b96e1ab97ce403110664 -> 
  custom:video-decoder-webm-vp8: 9c59270c3fd7afecdb556c50c9e8de78 -> 
  custom:audio-decoder-ogg-vorbis: bf7c407c2cedff20999df2af8eb42d56 -> 
  custom:audio-encoder-webm-vorbis: bf7c407c2cedff20999df2af8eb42d56 -> 
========================================================================
Received Import Request.
  Time since last request: 94.807180 seconds.
  path: Assets/all npc/Martin/Martin(材質球).mat
  artifactKey: Guid(a69d4ef8f274b914ea6ce6aa252ba682) Importer(815301076,1909f56bfc062723c751e8b465ee728b)
Start importing Assets/all npc/Martin/Martin(材質球).mat using Guid(a69d4ef8f274b914ea6ce6aa252ba682) Importer(815301076,1909f56bfc062723c751e8b465ee728b)  -> (artifact id: '85c0cb0cc90c17070ab6358f89aa5bd4') in 0.091299 seconds 
  Import took 0.095839 seconds .

========================================================================
Received Import Request.
  Time since last request: 0.000430 seconds.
  path: Assets/all npc/Martin/Martin.fbx
  artifactKey: Guid(22a1a53a74041b34bba656938f13153d) Importer(815301076,1909f56bfc062723c751e8b465ee728b)
Start importing Assets/all npc/Martin/Martin.fbx using Guid(22a1a53a74041b34bba656938f13153d) Importer(815301076,1909f56bfc062723c751e8b465ee728b)  -> (artifact id: 'e607ba33bceb9ac05717897976b181ad') in 0.067328 seconds 
  Import took 0.070425 seconds .

========================================================================
Received Import Request.
  Time since last request: 0.000493 seconds.
  path: Assets/all npc/Martin/Martin.png
  artifactKey: Guid(a2f5c50aa3feef742880f37389884996) Importer(815301076,1909f56bfc062723c751e8b465ee728b)
Start importing Assets/all npc/Martin/Martin.png using Guid(a2f5c50aa3feef742880f37389884996) Importer(815301076,1909f56bfc062723c751e8b465ee728b)  -> (artifact id: '2ae507a0ae4a8dd6f059056a417ea9a2') in 0.021635 seconds 
  Import took 0.026202 seconds .

========================================================================
Received Import Request.
  Time since last request: 269.797132 seconds.
  path: Assets/all npc/Police/Running.fbx
  artifactKey: Guid(2d367d36d7a34924cbc1ad67fad17095) Importer(815301076,1909f56bfc062723c751e8b465ee728b)
Start importing Assets/all npc/Police/Running.fbx using Guid(2d367d36d7a34924cbc1ad67fad17095) Importer(815301076,1909f56bfc062723c751e8b465ee728b)  -> (artifact id: 'f46946ba0a5a1716ffa628f37e54162c') in 0.057635 seconds 
  Import took 0.061775 seconds .

========================================================================
Received Import Request.
  Time since last request: 13.325421 seconds.
  path: Assets/all npc/Police/Running.fbx
  artifactKey: Guid(2d367d36d7a34924cbc1ad67fad17095) Importer(815301076,1909f56bfc062723c751e8b465ee728b)
Start importing Assets/all npc/Police/Running.fbx using Guid(2d367d36d7a34924cbc1ad67fad17095) Importer(815301076,1909f56bfc062723c751e8b465ee728b)  -> (artifact id: 'f71c6b4a38687daa62d348a15f9af9e8') in 0.052265 seconds 
  Import took 0.056990 seconds .

========================================================================
Received Import Request.
  Time since last request: 4.748147 seconds.
  path: Assets/all npc/Police/Running.fbx
  artifactKey: Guid(2d367d36d7a34924cbc1ad67fad17095) Importer(815301076,1909f56bfc062723c751e8b465ee728b)
Start importing Assets/all npc/Police/Running.fbx using Guid(2d367d36d7a34924cbc1ad67fad17095) Importer(815301076,1909f56bfc062723c751e8b465ee728b)  -> (artifact id: 'a446bfcc0abad6506ac63937847366fb') in 0.050225 seconds 
  Import took 0.054926 seconds .

========================================================================
Received Import Request.
  Time since last request: 7.841090 seconds.
  path: Assets/all npc/Police/Running.fbx
  artifactKey: Guid(2d367d36d7a34924cbc1ad67fad17095) Importer(815301076,1909f56bfc062723c751e8b465ee728b)
Start importing Assets/all npc/Police/Running.fbx using Guid(2d367d36d7a34924cbc1ad67fad17095) Importer(815301076,1909f56bfc062723c751e8b465ee728b)  -> (artifact id: 'e628b71d0c4505ea343e3b16b092f7a3') in 0.048089 seconds 
  Import took 0.053305 seconds .

========================================================================
Received Import Request.
  Time since last request: 17.145140 seconds.
  path: Assets/all npc/Police/police run.controller
  artifactKey: Guid(c300c098ae17883478cb87929b16e172) Importer(815301076,1909f56bfc062723c751e8b465ee728b)
Start importing Assets/all npc/Police/police run.controller using Guid(c300c098ae17883478cb87929b16e172) Importer(815301076,1909f56bfc062723c751e8b465ee728b)  -> (artifact id: 'd28b4888fab8e33b02e831aded4c677d') in 0.005298 seconds 
  Import took 0.010916 seconds .

========================================================================
Received Prepare
Registering precompiled user dll's ...
Registered in 0.006345 seconds.
Begin MonoManager ReloadAssembly
Native extension for WindowsStandalone target not found
Native extension for WebGL target not found
Refreshing native plugins compatible for Editor in 0.43 ms, found 2 plugins.
Preloading 0 native plugins for Editor in 0.00 ms.
Mono: successfully reloaded assembly
- Completed reload, in  1.618 seconds
Domain Reload Profiling:
	ReloadAssembly (1618ms)
		BeginReloadAssembly (163ms)
			ExecutionOrderSort (0ms)
			DisableScriptedObjects (6ms)
			BackupInstance (0ms)
			ReleaseScriptingObjects (0ms)
			CreateAndSetChildDomain (45ms)
		EndReloadAssembly (1348ms)
			LoadAssemblies (134ms)
			RebuildTransferFunctionScriptingTraits (0ms)
			SetupTypeCache (507ms)
			ReleaseScriptCaches (1ms)
			RebuildScriptCaches (58ms)
			SetupLoadedEditorAssemblies (479ms)
				LogAssemblyErrors (0ms)
				InitializePlatformSupportModulesInManaged (10ms)
				SetLoadedEditorAssemblies (1ms)
				RefreshPlugins (1ms)
				BeforeProcessingInitializeOnLoad (135ms)
				ProcessInitializeOnLoadAttributes (315ms)
				ProcessInitializeOnLoadMethodAttributes (6ms)
				AfterProcessingInitializeOnLoad (11ms)
				EditorAssembliesLoaded (0ms)
			ExecutionOrderSort2 (0ms)
			AwakeInstancesAfterBackupRestoration (11ms)
Platform modules already initialized, skipping
Refreshing native plugins compatible for Editor in 0.44 ms, found 2 plugins.
Preloading 0 native plugins for Editor in 0.00 ms.
Unloading 1393 Unused Serialized files (Serialized files now loaded: 0)
System memory in use before: 82.0 MB.
System memory in use after: 82.2 MB.

Unloading 11 unused Assets to reduce memory usage. Loaded Objects now: 1917.
Total: 3.798400 ms (FindLiveObjects: 0.165500 ms CreateObjectMapping: 0.057000 ms MarkObjects: 3.554600 ms  DeleteObjects: 0.019900 ms)

AssetImportParameters requested are different than current active one (requested -> active):
  custom:framework-win-MediaFoundation: 216162199b28c13a410421893ffa2e32 -> 
  custom:video-decoder-ogg-theora: a1e56fd34408186e4bbccfd4996cb3dc -> 
  custom:container-muxer-webm: aa71ff27fc2769a1b78a27578f13a17b -> 
  custom:container-demuxer-webm: 4f35f7cbe854078d1ac9338744f61a02 -> 
  custom:container-demuxer-ogg: 62fdf1f143b41e24485cea50d1cbac27 -> 
  custom:video-encoder-webm-vp8: eb34c28f22e8b96e1ab97ce403110664 -> 
  custom:video-decoder-webm-vp8: 9c59270c3fd7afecdb556c50c9e8de78 -> 
  custom:audio-decoder-ogg-vorbis: bf7c407c2cedff20999df2af8eb42d56 -> 
  custom:audio-encoder-webm-vorbis: bf7c407c2cedff20999df2af8eb42d56 -> 
========================================================================
Received Import Request.
  Time since last request: 188.450910 seconds.
  path: Assets/all npc/Cody/Cody(材質球).mat
  artifactKey: Guid(0984a7a7d420eba42837514ccfc34304) Importer(815301076,1909f56bfc062723c751e8b465ee728b)
Start importing Assets/all npc/Cody/Cody(材質球).mat using Guid(0984a7a7d420eba42837514ccfc34304) Importer(815301076,1909f56bfc062723c751e8b465ee728b)  -> (artifact id: 'ee1846e79b907b4a416a1a4684018441') in 0.099188 seconds 
  Import took 0.102879 seconds .

========================================================================
Received Import Request.
  Time since last request: 0.000377 seconds.
  path: Assets/all npc/Cody/Cody.png
  artifactKey: Guid(44392d054af56da478e0c251a5d765e9) Importer(815301076,1909f56bfc062723c751e8b465ee728b)
Start importing Assets/all npc/Cody/Cody.png using Guid(44392d054af56da478e0c251a5d765e9) Importer(815301076,1909f56bfc062723c751e8b465ee728b)  -> (artifact id: '7b45a07a482212f6f23561ff48aed73a') in 0.030123 seconds 
  Import took 0.033265 seconds .

========================================================================
Received Import Request.
  Time since last request: 0.000475 seconds.
  path: Assets/all npc/Cody/Cody.fbx
  artifactKey: Guid(b55e28603988e794287f0e6de8489225) Importer(815301076,1909f56bfc062723c751e8b465ee728b)
Start importing Assets/all npc/Cody/Cody.fbx using Guid(b55e28603988e794287f0e6de8489225) Importer(815301076,1909f56bfc062723c751e8b465ee728b)  -> (artifact id: '7976f90b2af21596782bc765577ca9d0') in 0.053909 seconds 
  Import took 0.056871 seconds .

========================================================================
Received Import Request.
  Time since last request: 0.155829 seconds.
  path: Assets/all npc/Chrlies/Chrlies(材質球).mat
  artifactKey: Guid(ad130328b381a1e46a7630036987c0f0) Importer(815301076,1909f56bfc062723c751e8b465ee728b)
Start importing Assets/all npc/Chrlies/Chrlies(材質球).mat using Guid(ad130328b381a1e46a7630036987c0f0) Importer(815301076,1909f56bfc062723c751e8b465ee728b)  -> (artifact id: '4549f67bf3256be5f88f605a919b6e31') in 0.019836 seconds 
  Import took 0.022271 seconds .

========================================================================
Received Import Request.
  Time since last request: 0.000291 seconds.
  path: Assets/all npc/Chrlies/Chrlies.png
  artifactKey: Guid(885e333d7e94e964ab09a5e591cf25a3) Importer(815301076,1909f56bfc062723c751e8b465ee728b)
Start importing Assets/all npc/Chrlies/Chrlies.png using Guid(885e333d7e94e964ab09a5e591cf25a3) Importer(815301076,1909f56bfc062723c751e8b465ee728b)  -> (artifact id: 'cf5be8d823a001bbcd1fb352250e5fc1') in 0.009834 seconds 
  Import took 0.012820 seconds .

========================================================================
Received Import Request.
  Time since last request: 0.000500 seconds.
  path: Assets/all npc/Chrlies/Chrlies.fbx
  artifactKey: Guid(8af02f410e7e0a245b9e172fc53239bb) Importer(815301076,1909f56bfc062723c751e8b465ee728b)
Start importing Assets/all npc/Chrlies/Chrlies.fbx using Guid(8af02f410e7e0a245b9e172fc53239bb) Importer(815301076,1909f56bfc062723c751e8b465ee728b)  -> (artifact id: '7bef5f2b97d8e77add874596a22178e7') in 0.031220 seconds 
  Import took 0.036124 seconds .

========================================================================
Received Import Request.
  Time since last request: 211.281495 seconds.
  path: Assets/all npc/Chrlies/Dancing.fbx
  artifactKey: Guid(720e5ab6f17c32144a33f96179bb19a0) Importer(815301076,1909f56bfc062723c751e8b465ee728b)
Start importing Assets/all npc/Chrlies/Dancing.fbx using Guid(720e5ab6f17c32144a33f96179bb19a0) Importer(815301076,1909f56bfc062723c751e8b465ee728b)  -> (artifact id: '360ec62964979582cbfe9970bf190502') in 0.043655 seconds 
  Import took 0.048132 seconds .

========================================================================
Received Import Request.
  Time since last request: 15.841961 seconds.
  path: Assets/all npc/Chrlies/Dancing.fbx
  artifactKey: Guid(720e5ab6f17c32144a33f96179bb19a0) Importer(815301076,1909f56bfc062723c751e8b465ee728b)
Start importing Assets/all npc/Chrlies/Dancing.fbx using Guid(720e5ab6f17c32144a33f96179bb19a0) Importer(815301076,1909f56bfc062723c751e8b465ee728b)  -> (artifact id: 'fa5a6763dd42f7bd0dd38d46ae4872dc') in 0.036288 seconds 
  Import took 0.039450 seconds .

========================================================================
Received Import Request.
  Time since last request: 4.729334 seconds.
  path: Assets/all npc/Chrlies/Dancing.fbx
  artifactKey: Guid(720e5ab6f17c32144a33f96179bb19a0) Importer(815301076,1909f56bfc062723c751e8b465ee728b)
Start importing Assets/all npc/Chrlies/Dancing.fbx using Guid(720e5ab6f17c32144a33f96179bb19a0) Importer(815301076,1909f56bfc062723c751e8b465ee728b)  -> (artifact id: 'b98b7e3ee37cbf9f989b9d4d6d5e64a3') in 0.050123 seconds 
  Import took 0.054858 seconds .

========================================================================
Received Import Request.
  Time since last request: 6.175209 seconds.
  path: Assets/all npc/Chrlies/Dancing.fbx
  artifactKey: Guid(720e5ab6f17c32144a33f96179bb19a0) Importer(815301076,1909f56bfc062723c751e8b465ee728b)
Start importing Assets/all npc/Chrlies/Dancing.fbx using Guid(720e5ab6f17c32144a33f96179bb19a0) Importer(815301076,1909f56bfc062723c751e8b465ee728b)  -> (artifact id: '2ddfcc689adf0ecd6725ee04733693e4') in 0.035876 seconds 
  Import took 0.041111 seconds .

========================================================================
Received Import Request.
  Time since last request: 49.518473 seconds.
  path: Assets/all npc/Chrlies/Chrlies dance.controller
  artifactKey: Guid(fbdc537827fbe2d409b9cf953e6e9302) Importer(815301076,1909f56bfc062723c751e8b465ee728b)
Start importing Assets/all npc/Chrlies/Chrlies dance.controller using Guid(fbdc537827fbe2d409b9cf953e6e9302) Importer(815301076,1909f56bfc062723c751e8b465ee728b)  -> (artifact id: '25a0ef45ab87261be01a8f55c047fa14') in 0.003930 seconds 
  Import took 0.007117 seconds .

========================================================================
Received Prepare
Registering precompiled user dll's ...
Registered in 0.008379 seconds.
Begin MonoManager ReloadAssembly
Native extension for WindowsStandalone target not found
Native extension for WebGL target not found
Refreshing native plugins compatible for Editor in 0.33 ms, found 2 plugins.
Preloading 0 native plugins for Editor in 0.00 ms.
Mono: successfully reloaded assembly
- Completed reload, in  1.337 seconds
Domain Reload Profiling:
	ReloadAssembly (1337ms)
		BeginReloadAssembly (149ms)
			ExecutionOrderSort (0ms)
			DisableScriptedObjects (5ms)
			BackupInstance (0ms)
			ReleaseScriptingObjects (0ms)
			CreateAndSetChildDomain (43ms)
		EndReloadAssembly (1106ms)
			LoadAssemblies (112ms)
			RebuildTransferFunctionScriptingTraits (0ms)
			SetupTypeCache (409ms)
			ReleaseScriptCaches (1ms)
			RebuildScriptCaches (52ms)
			SetupLoadedEditorAssemblies (363ms)
				LogAssemblyErrors (0ms)
				InitializePlatformSupportModulesInManaged (7ms)
				SetLoadedEditorAssemblies (1ms)
				RefreshPlugins (0ms)
				BeforeProcessingInitializeOnLoad (88ms)
				ProcessInitializeOnLoadAttributes (251ms)
				ProcessInitializeOnLoadMethodAttributes (5ms)
				AfterProcessingInitializeOnLoad (11ms)
				EditorAssembliesLoaded (0ms)
			ExecutionOrderSort2 (0ms)
			AwakeInstancesAfterBackupRestoration (12ms)
Platform modules already initialized, skipping
Refreshing native plugins compatible for Editor in 0.33 ms, found 2 plugins.
Preloading 0 native plugins for Editor in 0.00 ms.
Unloading 1393 Unused Serialized files (Serialized files now loaded: 0)
System memory in use before: 82.2 MB.
System memory in use after: 82.3 MB.

Unloading 11 unused Assets to reduce memory usage. Loaded Objects now: 1920.
Total: 3.056600 ms (FindLiveObjects: 0.152400 ms CreateObjectMapping: 0.039400 ms MarkObjects: 2.849400 ms  DeleteObjects: 0.014400 ms)

AssetImportParameters requested are different than current active one (requested -> active):
  custom:framework-win-MediaFoundation: 216162199b28c13a410421893ffa2e32 -> 
  custom:video-decoder-ogg-theora: a1e56fd34408186e4bbccfd4996cb3dc -> 
  custom:container-muxer-webm: aa71ff27fc2769a1b78a27578f13a17b -> 
  custom:container-demuxer-webm: 4f35f7cbe854078d1ac9338744f61a02 -> 
  custom:container-demuxer-ogg: 62fdf1f143b41e24485cea50d1cbac27 -> 
  custom:video-encoder-webm-vp8: eb34c28f22e8b96e1ab97ce403110664 -> 
  custom:video-decoder-webm-vp8: 9c59270c3fd7afecdb556c50c9e8de78 -> 
  custom:audio-decoder-ogg-vorbis: bf7c407c2cedff20999df2af8eb42d56 -> 
  custom:audio-encoder-webm-vorbis: bf7c407c2cedff20999df2af8eb42d56 -> 
========================================================================
Received Prepare
Registering precompiled user dll's ...
Registered in 0.004870 seconds.
Begin MonoManager ReloadAssembly
Native extension for WindowsStandalone target not found
Native extension for WebGL target not found
Refreshing native plugins compatible for Editor in 0.75 ms, found 2 plugins.
Preloading 0 native plugins for Editor in 0.00 ms.
Mono: successfully reloaded assembly
- Completed reload, in  1.537 seconds
Domain Reload Profiling:
	ReloadAssembly (1537ms)
		BeginReloadAssembly (197ms)
			ExecutionOrderSort (0ms)
			DisableScriptedObjects (5ms)
			BackupInstance (0ms)
			ReleaseScriptingObjects (0ms)
			CreateAndSetChildDomain (70ms)
		EndReloadAssembly (1236ms)
			LoadAssemblies (129ms)
			RebuildTransferFunctionScriptingTraits (0ms)
			SetupTypeCache (376ms)
			ReleaseScriptCaches (1ms)
			RebuildScriptCaches (58ms)
			SetupLoadedEditorAssemblies (496ms)
				LogAssemblyErrors (0ms)
				InitializePlatformSupportModulesInManaged (9ms)
				SetLoadedEditorAssemblies (1ms)
				RefreshPlugins (1ms)
				BeforeProcessingInitializeOnLoad (134ms)
				ProcessInitializeOnLoadAttributes (332ms)
				ProcessInitializeOnLoadMethodAttributes (6ms)
				AfterProcessingInitializeOnLoad (11ms)
				EditorAssembliesLoaded (0ms)
			ExecutionOrderSort2 (0ms)
			AwakeInstancesAfterBackupRestoration (9ms)
Platform modules already initialized, skipping
Refreshing native plugins compatible for Editor in 0.36 ms, found 2 plugins.
Preloading 0 native plugins for Editor in 0.00 ms.
Unloading 1393 Unused Serialized files (Serialized files now loaded: 0)
System memory in use before: 82.2 MB.
System memory in use after: 82.3 MB.

Unloading 11 unused Assets to reduce memory usage. Loaded Objects now: 1922.
Total: 4.807800 ms (FindLiveObjects: 0.211800 ms CreateObjectMapping: 0.057400 ms MarkObjects: 4.514400 ms  DeleteObjects: 0.022700 ms)

AssetImportParameters requested are different than current active one (requested -> active):
  custom:framework-win-MediaFoundation: 216162199b28c13a410421893ffa2e32 -> 
  custom:video-decoder-ogg-theora: a1e56fd34408186e4bbccfd4996cb3dc -> 
  custom:container-muxer-webm: aa71ff27fc2769a1b78a27578f13a17b -> 
  custom:container-demuxer-webm: 4f35f7cbe854078d1ac9338744f61a02 -> 
  custom:container-demuxer-ogg: 62fdf1f143b41e24485cea50d1cbac27 -> 
  custom:video-encoder-webm-vp8: eb34c28f22e8b96e1ab97ce403110664 -> 
  custom:video-decoder-webm-vp8: 9c59270c3fd7afecdb556c50c9e8de78 -> 
  custom:audio-decoder-ogg-vorbis: bf7c407c2cedff20999df2af8eb42d56 -> 
  custom:audio-encoder-webm-vorbis: bf7c407c2cedff20999df2af8eb42d56 -> 
========================================================================
Received Prepare
Registering precompiled user dll's ...
Registered in 0.007008 seconds.
Begin MonoManager ReloadAssembly
Native extension for WindowsStandalone target not found
Native extension for WebGL target not found
Refreshing native plugins compatible for Editor in 0.72 ms, found 2 plugins.
Preloading 0 native plugins for Editor in 0.00 ms.
Mono: successfully reloaded assembly
- Completed reload, in  3.145 seconds
Domain Reload Profiling:
	ReloadAssembly (3146ms)
		BeginReloadAssembly (419ms)
			ExecutionOrderSort (0ms)
			DisableScriptedObjects (17ms)
			BackupInstance (0ms)
			ReleaseScriptingObjects (0ms)
			CreateAndSetChildDomain (124ms)
		EndReloadAssembly (2541ms)
			LoadAssemblies (313ms)
			RebuildTransferFunctionScriptingTraits (0ms)
			SetupTypeCache (868ms)
			ReleaseScriptCaches (1ms)
			RebuildScriptCaches (129ms)
			SetupLoadedEditorAssemblies (948ms)
				LogAssemblyErrors (0ms)
				InitializePlatformSupportModulesInManaged (26ms)
				SetLoadedEditorAssemblies (1ms)
				RefreshPlugins (1ms)
				BeforeProcessingInitializeOnLoad (255ms)
				ProcessInitializeOnLoadAttributes (631ms)
				ProcessInitializeOnLoadMethodAttributes (8ms)
				AfterProcessingInitializeOnLoad (24ms)
				EditorAssembliesLoaded (1ms)
			ExecutionOrderSort2 (0ms)
			AwakeInstancesAfterBackupRestoration (19ms)
Platform modules already initialized, skipping
Refreshing native plugins compatible for Editor in 0.60 ms, found 2 plugins.
Preloading 0 native plugins for Editor in 0.00 ms.
Unloading 1393 Unused Serialized files (Serialized files now loaded: 0)
System memory in use before: 82.2 MB.
System memory in use after: 82.3 MB.

Unloading 11 unused Assets to reduce memory usage. Loaded Objects now: 1924.
Total: 7.416100 ms (FindLiveObjects: 0.776100 ms CreateObjectMapping: 0.653200 ms MarkObjects: 5.934600 ms  DeleteObjects: 0.046000 ms)

AssetImportParameters requested are different than current active one (requested -> active):
  custom:framework-win-MediaFoundation: 216162199b28c13a410421893ffa2e32 -> 
  custom:video-decoder-ogg-theora: a1e56fd34408186e4bbccfd4996cb3dc -> 
  custom:container-muxer-webm: aa71ff27fc2769a1b78a27578f13a17b -> 
  custom:container-demuxer-webm: 4f35f7cbe854078d1ac9338744f61a02 -> 
  custom:container-demuxer-ogg: 62fdf1f143b41e24485cea50d1cbac27 -> 
  custom:video-encoder-webm-vp8: eb34c28f22e8b96e1ab97ce403110664 -> 
  custom:video-decoder-webm-vp8: 9c59270c3fd7afecdb556c50c9e8de78 -> 
  custom:audio-decoder-ogg-vorbis: bf7c407c2cedff20999df2af8eb42d56 -> 
  custom:audio-encoder-webm-vorbis: bf7c407c2cedff20999df2af8eb42d56 -> 
========================================================================
Received Prepare
Registering precompiled user dll's ...
Registered in 0.009161 seconds.
Begin MonoManager ReloadAssembly
Native extension for WindowsStandalone target not found
Native extension for WebGL target not found
Refreshing native plugins compatible for Editor in 0.79 ms, found 2 plugins.
Preloading 0 native plugins for Editor in 0.00 ms.
Mono: successfully reloaded assembly
- Completed reload, in  3.255 seconds
Domain Reload Profiling:
	ReloadAssembly (3256ms)
		BeginReloadAssembly (381ms)
			ExecutionOrderSort (0ms)
			DisableScriptedObjects (30ms)
			BackupInstance (0ms)
			ReleaseScriptingObjects (0ms)
			CreateAndSetChildDomain (106ms)
		EndReloadAssembly (2668ms)
			LoadAssemblies (309ms)
			RebuildTransferFunctionScriptingTraits (0ms)
			SetupTypeCache (988ms)
			ReleaseScriptCaches (2ms)
			RebuildScriptCaches (134ms)
			SetupLoadedEditorAssemblies (877ms)
				LogAssemblyErrors (0ms)
				InitializePlatformSupportModulesInManaged (25ms)
				SetLoadedEditorAssemblies (1ms)
				RefreshPlugins (1ms)
				BeforeProcessingInitializeOnLoad (232ms)
				ProcessInitializeOnLoadAttributes (577ms)
				ProcessInitializeOnLoadMethodAttributes (12ms)
				AfterProcessingInitializeOnLoad (29ms)
				EditorAssembliesLoaded (1ms)
			ExecutionOrderSort2 (0ms)
			AwakeInstancesAfterBackupRestoration (30ms)
Platform modules already initialized, skipping
Refreshing native plugins compatible for Editor in 0.99 ms, found 2 plugins.
Preloading 0 native plugins for Editor in 0.00 ms.
Unloading 1393 Unused Serialized files (Serialized files now loaded: 0)
System memory in use before: 82.2 MB.
System memory in use after: 82.3 MB.

Unloading 11 unused Assets to reduce memory usage. Loaded Objects now: 1926.
Total: 8.914100 ms (FindLiveObjects: 0.637000 ms CreateObjectMapping: 0.432200 ms MarkObjects: 7.801200 ms  DeleteObjects: 0.035800 ms)

AssetImportParameters requested are different than current active one (requested -> active):
  custom:framework-win-MediaFoundation: 216162199b28c13a410421893ffa2e32 -> 
  custom:video-decoder-ogg-theora: a1e56fd34408186e4bbccfd4996cb3dc -> 
  custom:container-muxer-webm: aa71ff27fc2769a1b78a27578f13a17b -> 
  custom:container-demuxer-webm: 4f35f7cbe854078d1ac9338744f61a02 -> 
  custom:container-demuxer-ogg: 62fdf1f143b41e24485cea50d1cbac27 -> 
  custom:video-encoder-webm-vp8: eb34c28f22e8b96e1ab97ce403110664 -> 
  custom:video-decoder-webm-vp8: 9c59270c3fd7afecdb556c50c9e8de78 -> 
  custom:audio-decoder-ogg-vorbis: bf7c407c2cedff20999df2af8eb42d56 -> 
  custom:audio-encoder-webm-vorbis: bf7c407c2cedff20999df2af8eb42d56 -> 
========================================================================
Received Prepare
Registering precompiled user dll's ...
Registered in 0.009056 seconds.
Begin MonoManager ReloadAssembly
Native extension for WindowsStandalone target not found
Native extension for WebGL target not found
Refreshing native plugins compatible for Editor in 0.97 ms, found 2 plugins.
Preloading 0 native plugins for Editor in 0.00 ms.
Mono: successfully reloaded assembly
- Completed reload, in  2.982 seconds
Domain Reload Profiling:
	ReloadAssembly (2983ms)
		BeginReloadAssembly (281ms)
			ExecutionOrderSort (0ms)
			DisableScriptedObjects (11ms)
			BackupInstance (0ms)
			ReleaseScriptingObjects (0ms)
			CreateAndSetChildDomain (75ms)
		EndReloadAssembly (2511ms)
			LoadAssemblies (259ms)
			RebuildTransferFunctionScriptingTraits (0ms)
			SetupTypeCache (761ms)
			ReleaseScriptCaches (2ms)
			RebuildScriptCaches (105ms)
			SetupLoadedEditorAssemblies (1063ms)
				LogAssemblyErrors (0ms)
				InitializePlatformSupportModulesInManaged (21ms)
				SetLoadedEditorAssemblies (2ms)
				RefreshPlugins (1ms)
				BeforeProcessingInitializeOnLoad (278ms)
				ProcessInitializeOnLoadAttributes (719ms)
				ProcessInitializeOnLoadMethodAttributes (10ms)
				AfterProcessingInitializeOnLoad (31ms)
				EditorAssembliesLoaded (1ms)
			ExecutionOrderSort2 (0ms)
			AwakeInstancesAfterBackupRestoration (28ms)
Platform modules already initialized, skipping
Refreshing native plugins compatible for Editor in 1.44 ms, found 2 plugins.
Preloading 0 native plugins for Editor in 0.00 ms.
Unloading 1393 Unused Serialized files (Serialized files now loaded: 0)
System memory in use before: 82.2 MB.
System memory in use after: 82.3 MB.

Unloading 11 unused Assets to reduce memory usage. Loaded Objects now: 1928.
Total: 9.265500 ms (FindLiveObjects: 0.453800 ms CreateObjectMapping: 0.171900 ms MarkObjects: 8.584900 ms  DeleteObjects: 0.050800 ms)

AssetImportParameters requested are different than current active one (requested -> active):
  custom:framework-win-MediaFoundation: 216162199b28c13a410421893ffa2e32 -> 
  custom:video-decoder-ogg-theora: a1e56fd34408186e4bbccfd4996cb3dc -> 
  custom:container-muxer-webm: aa71ff27fc2769a1b78a27578f13a17b -> 
  custom:container-demuxer-webm: 4f35f7cbe854078d1ac9338744f61a02 -> 
  custom:container-demuxer-ogg: 62fdf1f143b41e24485cea50d1cbac27 -> 
  custom:video-encoder-webm-vp8: eb34c28f22e8b96e1ab97ce403110664 -> 
  custom:video-decoder-webm-vp8: 9c59270c3fd7afecdb556c50c9e8de78 -> 
  custom:audio-decoder-ogg-vorbis: bf7c407c2cedff20999df2af8eb42d56 -> 
  custom:audio-encoder-webm-vorbis: bf7c407c2cedff20999df2af8eb42d56 -> 
AssetImportWorkerClient::OnTransportError - code=2 error=End of file
